{"/home/rodrigo/calvs-drivent/src/app.ts": {"path":"/home/rodrigo/calvs-drivent/src/app.ts","statementMap":{"0":{"start":{"line":1,"column":0},"end":{"line":1,"column":26}},"1":{"start":{"line":2,"column":0},"end":{"line":2,"column":30}},"2":{"start":{"line":3,"column":0},"end":{"line":3,"column":43}},"3":{"start":{"line":4,"column":0},"end":{"line":4,"column":24}},"4":{"start":{"line":6,"column":0},"end":{"line":6,"column":60}},"5":{"start":{"line":8,"column":0},"end":{"line":8,"column":10}},"6":{"start":{"line":10,"column":0},"end":{"line":10,"column":56}},"7":{"start":{"line":11,"column":0},"end":{"line":11,"column":null}},"8":{"start":{"line":22,"column":12},"end":{"line":22,"column":21}},"9":{"start":{"line":23,"column":0},"end":{"line":35,"column":32}},"10":{"start":{"line":26,"column":33},"end":{"line":26,"column":48}},"11":{"start":{"line":38,"column":2},"end":{"line":38,"column":14}},"12":{"start":{"line":39,"column":2},"end":{"line":39,"column":30}},"13":{"start":{"line":37,"column":0},"end":{"line":37,"column":16}},"14":{"start":{"line":43,"column":2},"end":{"line":43,"column":23}},"15":{"start":{"line":42,"column":0},"end":{"line":42,"column":7}},"16":{"start":{"line":46,"column":0},"end":{"line":46,"column":19}}},"fnMap":{"0":{"name":"(anonymous_1)","decl":{"start":{"line":26,"column":18},"end":{"line":26,"column":19}},"loc":{"start":{"line":26,"column":33},"end":{"line":26,"column":48}}},"1":{"name":"init","decl":{"start":{"line":37,"column":16},"end":{"line":37,"column":20}},"loc":{"start":{"line":37,"column":20},"end":{"line":40,"column":1}}},"2":{"name":"close","decl":{"start":{"line":42,"column":22},"end":{"line":42,"column":27}},"loc":{"start":{"line":42,"column":27},"end":{"line":44,"column":1}}}},"branchMap":{},"s":{"0":11,"1":11,"2":11,"3":11,"4":11,"5":11,"6":11,"7":11,"8":11,"9":11,"10":1,"11":11,"12":11,"13":11,"14":0,"15":11,"16":11},"f":{"0":1,"1":11,"2":0},"b":{}}
,"/home/rodrigo/calvs-drivent/src/server.ts": {"path":"/home/rodrigo/calvs-drivent/src/server.ts","statementMap":{"0":{"start":{"line":1,"column":0},"end":{"line":1,"column":34}},"1":{"start":{"line":3,"column":13},"end":{"line":3,"column":38}},"2":{"start":{"line":5,"column":0},"end":{"line":10,"column":3}},"3":{"start":{"line":6,"column":2},"end":{"line":9,"column":5}},"4":{"start":{"line":8,"column":4},"end":{"line":8,"column":56}}},"fnMap":{"0":{"name":"(anonymous_6)","decl":{"start":{"line":5,"column":12},"end":{"line":5,"column":15}},"loc":{"start":{"line":5,"column":17},"end":{"line":10,"column":1}}},"1":{"name":"(anonymous_7)","decl":{"start":{"line":6,"column":19},"end":{"line":6,"column":22}},"loc":{"start":{"line":6,"column":24},"end":{"line":9,"column":3}}}},"branchMap":{"0":{"loc":{"start":{"line":3,"column":13},"end":{"line":3,"column":38}},"type":"binary-expr","locations":[{"start":{"line":3,"column":13},"end":{"line":3,"column":30}},{"start":{"line":3,"column":34},"end":{"line":3,"column":38}}]}},"s":{"0":0,"1":0,"2":0,"3":0,"4":0},"f":{"0":0,"1":0},"b":{"0":[0,0]}}
,"/home/rodrigo/calvs-drivent/src/config/database.ts": {"path":"/home/rodrigo/calvs-drivent/src/config/database.ts","statementMap":{"0":{"start":{"line":1,"column":0},"end":{"line":1,"column":46}},"1":{"start":{"line":5,"column":2},"end":{"line":5,"column":30}},"2":{"start":{"line":4,"column":0},"end":{"line":4,"column":16}},"3":{"start":{"line":9,"column":2},"end":{"line":9,"column":30}},"4":{"start":{"line":8,"column":0},"end":{"line":8,"column":7}}},"fnMap":{"0":{"name":"connectDb","decl":{"start":{"line":4,"column":16},"end":{"line":4,"column":25}},"loc":{"start":{"line":4,"column":25},"end":{"line":6,"column":1}}},"1":{"name":"disconnectDB","decl":{"start":{"line":8,"column":22},"end":{"line":8,"column":34}},"loc":{"start":{"line":8,"column":34},"end":{"line":10,"column":1}}}},"branchMap":{},"s":{"0":14,"1":11,"2":14,"3":0,"4":14},"f":{"0":11,"1":0},"b":{}}
,"/home/rodrigo/calvs-drivent/src/config/envs.ts": {"path":"/home/rodrigo/calvs-drivent/src/config/envs.ts","statementMap":{"0":{"start":{"line":1,"column":0},"end":{"line":1,"column":28}},"1":{"start":{"line":2,"column":0},"end":{"line":2,"column":41}},"2":{"start":{"line":6,"column":4},"end":{"line":10,"column":16}},"3":{"start":{"line":12,"column":22},"end":{"line":12,"column":45}},"4":{"start":{"line":13,"column":2},"end":{"line":13,"column":35}},"5":{"start":{"line":4,"column":0},"end":{"line":4,"column":16}}},"fnMap":{"0":{"name":"loadEnv","decl":{"start":{"line":4,"column":16},"end":{"line":4,"column":23}},"loc":{"start":{"line":4,"column":23},"end":{"line":14,"column":1}}}},"branchMap":{"0":{"loc":{"start":{"line":6,"column":4},"end":{"line":10,"column":16}},"type":"cond-expr","locations":[{"start":{"line":7,"column":8},"end":{"line":7,"column":19}},{"start":{"line":8,"column":8},"end":{"line":10,"column":16}}]},"1":{"loc":{"start":{"line":8,"column":8},"end":{"line":10,"column":16}},"type":"cond-expr","locations":[{"start":{"line":9,"column":10},"end":{"line":9,"column":28}},{"start":{"line":10,"column":10},"end":{"line":10,"column":16}}]}},"s":{"0":14,"1":14,"2":25,"3":25,"4":25,"5":14},"f":{"0":25},"b":{"0":[25,0],"1":[0,0]}}
,"/home/rodrigo/calvs-drivent/src/config/index.ts": {"path":"/home/rodrigo/calvs-drivent/src/config/index.ts","statementMap":{"0":{"start":{"line":1,"column":0},"end":{"line":1,"column":23}},"1":{"start":{"line":2,"column":0},"end":{"line":2,"column":27}}},"fnMap":{},"branchMap":{},"s":{"0":14,"1":14},"f":{},"b":{}}
,"/home/rodrigo/calvs-drivent/src/controllers/authentication-controller.ts": {"path":"/home/rodrigo/calvs-drivent/src/controllers/authentication-controller.ts","statementMap":{"0":{"start":{"line":1,"column":0},"end":{"line":1,"column":88}},"1":{"start":{"line":3,"column":0},"end":{"line":3,"column":37}},"2":{"start":{"line":5,"column":30},"end":{"line":5,"column":54}},"3":{"start":{"line":7,"column":2},"end":{"line":13,"column":null}},"4":{"start":{"line":8,"column":19},"end":{"line":8,"column":74}},"5":{"start":{"line":10,"column":4},"end":{"line":10,"column":50}},"6":{"start":{"line":12,"column":4},"end":{"line":12,"column":56}},"7":{"start":{"line":4,"column":0},"end":{"line":4,"column":7}}},"fnMap":{"0":{"name":"singInPost","decl":{"start":{"line":4,"column":22},"end":{"line":4,"column":32}},"loc":{"start":{"line":4,"column":60},"end":{"line":14,"column":1}}}},"branchMap":{},"s":{"0":11,"1":11,"2":5,"3":5,"4":5,"5":3,"6":2,"7":11},"f":{"0":5},"b":{}}
,"/home/rodrigo/calvs-drivent/src/controllers/bookings-controller.ts": {"path":"/home/rodrigo/calvs-drivent/src/controllers/bookings-controller.ts","statementMap":{"0":{"start":{"line":1,"column":0},"end":{"line":1,"column":59}},"1":{"start":{"line":3,"column":0},"end":{"line":3,"column":58}},"2":{"start":{"line":5,"column":0},"end":{"line":5,"column":37}},"3":{"start":{"line":8,"column":23},"end":{"line":8,"column":26}},"4":{"start":{"line":9,"column":4},"end":{"line":22,"column":null}},"5":{"start":{"line":10,"column":24},"end":{"line":10,"column":64}},"6":{"start":{"line":11,"column":8},"end":{"line":11,"column":55}},"7":{"start":{"line":13,"column":8},"end":{"line":15,"column":null}},"8":{"start":{"line":14,"column":12},"end":{"line":14,"column":56}},"9":{"start":{"line":16,"column":8},"end":{"line":18,"column":null}},"10":{"start":{"line":17,"column":12},"end":{"line":17,"column":58}},"11":{"start":{"line":19,"column":8},"end":{"line":21,"column":null}},"12":{"start":{"line":20,"column":12},"end":{"line":20,"column":63}},"13":{"start":{"line":7,"column":0},"end":{"line":7,"column":7}},"14":{"start":{"line":26,"column":23},"end":{"line":26,"column":26}},"15":{"start":{"line":27,"column":19},"end":{"line":27,"column":42}},"16":{"start":{"line":28,"column":4},"end":{"line":44,"column":null}},"17":{"start":{"line":29,"column":8},"end":{"line":31,"column":null}},"18":{"start":{"line":30,"column":12},"end":{"line":30,"column":71}},"19":{"start":{"line":32,"column":24},"end":{"line":32,"column":73}},"20":{"start":{"line":33,"column":8},"end":{"line":33,"column":73}},"21":{"start":{"line":35,"column":8},"end":{"line":37,"column":null}},"22":{"start":{"line":36,"column":12},"end":{"line":36,"column":56}},"23":{"start":{"line":38,"column":8},"end":{"line":40,"column":null}},"24":{"start":{"line":39,"column":12},"end":{"line":39,"column":56}},"25":{"start":{"line":41,"column":8},"end":{"line":43,"column":null}},"26":{"start":{"line":42,"column":12},"end":{"line":42,"column":56}},"27":{"start":{"line":25,"column":0},"end":{"line":25,"column":7}},"28":{"start":{"line":48,"column":23},"end":{"line":48,"column":26}},"29":{"start":{"line":49,"column":19},"end":{"line":49,"column":42}},"30":{"start":{"line":50,"column":22},"end":{"line":50,"column":50}},"31":{"start":{"line":51,"column":4},"end":{"line":70,"column":null}},"32":{"start":{"line":52,"column":8},"end":{"line":54,"column":null}},"33":{"start":{"line":53,"column":12},"end":{"line":53,"column":67}},"34":{"start":{"line":55,"column":8},"end":{"line":57,"column":null}},"35":{"start":{"line":56,"column":12},"end":{"line":56,"column":71}},"36":{"start":{"line":58,"column":24},"end":{"line":58,"column":86}},"37":{"start":{"line":59,"column":8},"end":{"line":59,"column":73}},"38":{"start":{"line":61,"column":8},"end":{"line":63,"column":null}},"39":{"start":{"line":62,"column":12},"end":{"line":62,"column":56}},"40":{"start":{"line":64,"column":8},"end":{"line":66,"column":null}},"41":{"start":{"line":65,"column":12},"end":{"line":65,"column":56}},"42":{"start":{"line":67,"column":8},"end":{"line":69,"column":null}},"43":{"start":{"line":68,"column":12},"end":{"line":68,"column":56}},"44":{"start":{"line":47,"column":0},"end":{"line":47,"column":7}}},"fnMap":{"0":{"name":"getBooking","decl":{"start":{"line":7,"column":22},"end":{"line":7,"column":32}},"loc":{"start":{"line":7,"column":73},"end":{"line":23,"column":1}}},"1":{"name":"postBooking","decl":{"start":{"line":25,"column":22},"end":{"line":25,"column":33}},"loc":{"start":{"line":25,"column":74},"end":{"line":45,"column":1}}},"2":{"name":"updateBooking","decl":{"start":{"line":47,"column":22},"end":{"line":47,"column":35}},"loc":{"start":{"line":47,"column":76},"end":{"line":71,"column":1}}}},"branchMap":{"0":{"loc":{"start":{"line":13,"column":8},"end":{"line":15,"column":null}},"type":"if","locations":[{"start":{"line":13,"column":8},"end":{"line":15,"column":null}}]},"1":{"loc":{"start":{"line":16,"column":8},"end":{"line":18,"column":null}},"type":"if","locations":[{"start":{"line":16,"column":8},"end":{"line":18,"column":null}}]},"2":{"loc":{"start":{"line":19,"column":8},"end":{"line":21,"column":null}},"type":"if","locations":[{"start":{"line":19,"column":8},"end":{"line":21,"column":null}}]},"3":{"loc":{"start":{"line":29,"column":8},"end":{"line":31,"column":null}},"type":"if","locations":[{"start":{"line":29,"column":8},"end":{"line":31,"column":null}}]},"4":{"loc":{"start":{"line":35,"column":8},"end":{"line":37,"column":null}},"type":"if","locations":[{"start":{"line":35,"column":8},"end":{"line":37,"column":null}}]},"5":{"loc":{"start":{"line":38,"column":8},"end":{"line":40,"column":null}},"type":"if","locations":[{"start":{"line":38,"column":8},"end":{"line":40,"column":null}}]},"6":{"loc":{"start":{"line":41,"column":8},"end":{"line":43,"column":null}},"type":"if","locations":[{"start":{"line":41,"column":8},"end":{"line":43,"column":null}}]},"7":{"loc":{"start":{"line":52,"column":8},"end":{"line":54,"column":null}},"type":"if","locations":[{"start":{"line":52,"column":8},"end":{"line":54,"column":null}}]},"8":{"loc":{"start":{"line":55,"column":8},"end":{"line":57,"column":null}},"type":"if","locations":[{"start":{"line":55,"column":8},"end":{"line":57,"column":null}}]},"9":{"loc":{"start":{"line":61,"column":8},"end":{"line":63,"column":null}},"type":"if","locations":[{"start":{"line":61,"column":8},"end":{"line":63,"column":null}}]},"10":{"loc":{"start":{"line":64,"column":8},"end":{"line":66,"column":null}},"type":"if","locations":[{"start":{"line":64,"column":8},"end":{"line":66,"column":null}}]},"11":{"loc":{"start":{"line":67,"column":8},"end":{"line":69,"column":null}},"type":"if","locations":[{"start":{"line":67,"column":8},"end":{"line":69,"column":null}}]}},"s":{"0":11,"1":11,"2":11,"3":6,"4":6,"5":6,"6":1,"7":5,"8":1,"9":4,"10":3,"11":1,"12":1,"13":11,"14":8,"15":8,"16":8,"17":8,"18":1,"19":7,"20":1,"21":7,"22":5,"23":2,"24":1,"25":1,"26":1,"27":11,"28":11,"29":11,"30":11,"31":11,"32":11,"33":1,"34":10,"35":1,"36":9,"37":1,"38":10,"39":7,"40":3,"41":2,"42":1,"43":1,"44":11},"f":{"0":6,"1":8,"2":11},"b":{"0":[1],"1":[3],"2":[1],"3":[1],"4":[5],"5":[1],"6":[1],"7":[1],"8":[1],"9":[7],"10":[2],"11":[1]}}
,"/home/rodrigo/calvs-drivent/src/controllers/enrollments-controller.ts": {"path":"/home/rodrigo/calvs-drivent/src/controllers/enrollments-controller.ts","statementMap":{"0":{"start":{"line":2,"column":0},"end":{"line":2,"column":64}},"1":{"start":{"line":4,"column":0},"end":{"line":4,"column":37}},"2":{"start":{"line":7,"column":21},"end":{"line":7,"column":24}},"3":{"start":{"line":9,"column":2},"end":{"line":15,"column":null}},"4":{"start":{"line":10,"column":34},"end":{"line":10,"column":92}},"5":{"start":{"line":12,"column":4},"end":{"line":12,"column":65}},"6":{"start":{"line":14,"column":4},"end":{"line":14,"column":49}},"7":{"start":{"line":6,"column":0},"end":{"line":6,"column":7}},"8":{"start":{"line":19,"column":2},"end":{"line":28,"column":null}},"9":{"start":{"line":20,"column":4},"end":{"line":23,"column":7}},"10":{"start":{"line":25,"column":4},"end":{"line":25,"column":41}},"11":{"start":{"line":27,"column":4},"end":{"line":27,"column":50}},"12":{"start":{"line":18,"column":0},"end":{"line":18,"column":7}},"13":{"start":{"line":32,"column":18},"end":{"line":32,"column":53}},"14":{"start":{"line":34,"column":2},"end":{"line":42,"column":null}},"15":{"start":{"line":35,"column":20},"end":{"line":35,"column":67}},"16":{"start":{"line":36,"column":4},"end":{"line":36,"column":51}},"17":{"start":{"line":38,"column":4},"end":{"line":40,"column":null}},"18":{"start":{"line":39,"column":6},"end":{"line":39,"column":51}},"19":{"start":{"line":41,"column":4},"end":{"line":41,"column":53}},"20":{"start":{"line":31,"column":0},"end":{"line":31,"column":7}}},"fnMap":{"0":{"name":"getEnrollmentByUser","decl":{"start":{"line":6,"column":22},"end":{"line":6,"column":41}},"loc":{"start":{"line":6,"column":82},"end":{"line":16,"column":1}}},"1":{"name":"postCreateOrUpdateEnrollment","decl":{"start":{"line":18,"column":22},"end":{"line":18,"column":50}},"loc":{"start":{"line":18,"column":91},"end":{"line":29,"column":1}}},"2":{"name":"getAddressFromCEP","decl":{"start":{"line":31,"column":22},"end":{"line":31,"column":39}},"loc":{"start":{"line":31,"column":80},"end":{"line":43,"column":1}}}},"branchMap":{"0":{"loc":{"start":{"line":38,"column":4},"end":{"line":40,"column":null}},"type":"if","locations":[{"start":{"line":38,"column":4},"end":{"line":40,"column":null}}]}},"s":{"0":11,"1":11,"2":2,"3":2,"4":2,"5":1,"6":1,"7":11,"8":2,"9":2,"10":2,"11":0,"12":11,"13":2,"14":2,"15":2,"16":1,"17":1,"18":1,"19":0,"20":11},"f":{"0":2,"1":2,"2":2},"b":{"0":[1]}}
,"/home/rodrigo/calvs-drivent/src/controllers/events-controller.ts": {"path":"/home/rodrigo/calvs-drivent/src/controllers/events-controller.ts","statementMap":{"0":{"start":{"line":1,"column":0},"end":{"line":1,"column":54}},"1":{"start":{"line":3,"column":0},"end":{"line":3,"column":37}},"2":{"start":{"line":6,"column":2},"end":{"line":11,"column":null}},"3":{"start":{"line":7,"column":18},"end":{"line":7,"column":53}},"4":{"start":{"line":8,"column":4},"end":{"line":8,"column":49}},"5":{"start":{"line":10,"column":4},"end":{"line":10,"column":53}},"6":{"start":{"line":5,"column":0},"end":{"line":5,"column":7}}},"fnMap":{"0":{"name":"getDefaultEvent","decl":{"start":{"line":5,"column":22},"end":{"line":5,"column":37}},"loc":{"start":{"line":5,"column":66},"end":{"line":12,"column":1}}}},"branchMap":{},"s":{"0":11,"1":11,"2":2,"3":2,"4":1,"5":1,"6":11},"f":{"0":2},"b":{}}
,"/home/rodrigo/calvs-drivent/src/controllers/hotels-controller.ts": {"path":"/home/rodrigo/calvs-drivent/src/controllers/hotels-controller.ts","statementMap":{"0":{"start":{"line":2,"column":0},"end":{"line":2,"column":53}},"1":{"start":{"line":4,"column":0},"end":{"line":4,"column":37}},"2":{"start":{"line":7,"column":21},"end":{"line":7,"column":24}},"3":{"start":{"line":8,"column":2},"end":{"line":19,"column":null}},"4":{"start":{"line":9,"column":19},"end":{"line":9,"column":56}},"5":{"start":{"line":10,"column":4},"end":{"line":10,"column":50}},"6":{"start":{"line":12,"column":4},"end":{"line":14,"column":null}},"7":{"start":{"line":13,"column":6},"end":{"line":13,"column":57}},"8":{"start":{"line":15,"column":4},"end":{"line":17,"column":null}},"9":{"start":{"line":16,"column":6},"end":{"line":16,"column":52}},"10":{"start":{"line":18,"column":4},"end":{"line":18,"column":60}},"11":{"start":{"line":6,"column":0},"end":{"line":6,"column":7}},"12":{"start":{"line":23,"column":21},"end":{"line":23,"column":24}},"13":{"start":{"line":24,"column":2},"end":{"line":42,"column":null}},"14":{"start":{"line":25,"column":20},"end":{"line":25,"column":46}},"15":{"start":{"line":26,"column":18},"end":{"line":26,"column":91}},"16":{"start":{"line":27,"column":4},"end":{"line":27,"column":49}},"17":{"start":{"line":29,"column":4},"end":{"line":31,"column":null}},"18":{"start":{"line":30,"column":6},"end":{"line":30,"column":57}},"19":{"start":{"line":32,"column":4},"end":{"line":34,"column":null}},"20":{"start":{"line":33,"column":6},"end":{"line":33,"column":61}},"21":{"start":{"line":35,"column":4},"end":{"line":37,"column":null}},"22":{"start":{"line":36,"column":6},"end":{"line":36,"column":52}},"23":{"start":{"line":38,"column":4},"end":{"line":40,"column":null}},"24":{"start":{"line":39,"column":6},"end":{"line":39,"column":50}},"25":{"start":{"line":41,"column":4},"end":{"line":41,"column":60}},"26":{"start":{"line":22,"column":0},"end":{"line":22,"column":7}}},"fnMap":{"0":{"name":"getHotels","decl":{"start":{"line":6,"column":22},"end":{"line":6,"column":31}},"loc":{"start":{"line":6,"column":72},"end":{"line":20,"column":1}}},"1":{"name":"getHotelRoomsByHotelIdWithNoBookings","decl":{"start":{"line":22,"column":22},"end":{"line":22,"column":58}},"loc":{"start":{"line":22,"column":99},"end":{"line":43,"column":1}}}},"branchMap":{"0":{"loc":{"start":{"line":12,"column":4},"end":{"line":14,"column":null}},"type":"if","locations":[{"start":{"line":12,"column":4},"end":{"line":14,"column":null}}]},"1":{"loc":{"start":{"line":15,"column":4},"end":{"line":17,"column":null}},"type":"if","locations":[{"start":{"line":15,"column":4},"end":{"line":17,"column":null}}]},"2":{"loc":{"start":{"line":29,"column":4},"end":{"line":31,"column":null}},"type":"if","locations":[{"start":{"line":29,"column":4},"end":{"line":31,"column":null}}]},"3":{"loc":{"start":{"line":32,"column":4},"end":{"line":34,"column":null}},"type":"if","locations":[{"start":{"line":32,"column":4},"end":{"line":34,"column":null}}]},"4":{"loc":{"start":{"line":35,"column":4},"end":{"line":37,"column":null}},"type":"if","locations":[{"start":{"line":35,"column":4},"end":{"line":37,"column":null}}]},"5":{"loc":{"start":{"line":38,"column":4},"end":{"line":40,"column":null}},"type":"if","locations":[{"start":{"line":38,"column":4},"end":{"line":40,"column":null}}]}},"s":{"0":11,"1":11,"2":7,"3":7,"4":7,"5":3,"6":4,"7":1,"8":3,"9":3,"10":0,"11":11,"12":8,"13":8,"14":8,"15":8,"16":2,"17":6,"18":1,"19":5,"20":1,"21":4,"22":4,"23":0,"24":0,"25":0,"26":11},"f":{"0":7,"1":8},"b":{"0":[1],"1":[3],"2":[1],"3":[1],"4":[4],"5":[0]}}
,"/home/rodrigo/calvs-drivent/src/controllers/index.ts": {"path":"/home/rodrigo/calvs-drivent/src/controllers/index.ts","statementMap":{"0":{"start":{"line":1,"column":0},"end":{"line":1,"column":35}},"1":{"start":{"line":2,"column":0},"end":{"line":2,"column":44}},"2":{"start":{"line":3,"column":0},"end":{"line":3,"column":36}},"3":{"start":{"line":4,"column":0},"end":{"line":4,"column":41}},"4":{"start":{"line":5,"column":0},"end":{"line":5,"column":38}},"5":{"start":{"line":6,"column":0},"end":{"line":6,"column":39}},"6":{"start":{"line":7,"column":0},"end":{"line":7,"column":36}},"7":{"start":{"line":8,"column":0},"end":{"line":8,"column":38}}},"fnMap":{},"branchMap":{},"s":{"0":11,"1":11,"2":11,"3":11,"4":11,"5":11,"6":11,"7":11},"f":{},"b":{}}
,"/home/rodrigo/calvs-drivent/src/controllers/payments-controllers.ts": {"path":"/home/rodrigo/calvs-drivent/src/controllers/payments-controllers.ts","statementMap":{"0":{"start":{"line":3,"column":0},"end":{"line":3,"column":58}},"1":{"start":{"line":5,"column":0},"end":{"line":5,"column":37}},"2":{"start":{"line":8,"column":2},"end":{"line":25,"column":null}},"3":{"start":{"line":9,"column":23},"end":{"line":9,"column":26}},"4":{"start":{"line":10,"column":25},"end":{"line":10,"column":34}},"5":{"start":{"line":11,"column":4},"end":{"line":13,"column":null}},"6":{"start":{"line":12,"column":6},"end":{"line":12,"column":52}},"7":{"start":{"line":14,"column":20},"end":{"line":14,"column":96}},"8":{"start":{"line":16,"column":4},"end":{"line":16,"column":51}},"9":{"start":{"line":18,"column":4},"end":{"line":20,"column":null}},"10":{"start":{"line":19,"column":6},"end":{"line":19,"column":50}},"11":{"start":{"line":21,"column":4},"end":{"line":23,"column":null}},"12":{"start":{"line":22,"column":6},"end":{"line":22,"column":53}},"13":{"start":{"line":24,"column":4},"end":{"line":24,"column":60}},"14":{"start":{"line":7,"column":0},"end":{"line":7,"column":7}},"15":{"start":{"line":29,"column":2},"end":{"line":44,"column":null}},"16":{"start":{"line":30,"column":23},"end":{"line":30,"column":26}},"17":{"start":{"line":31,"column":37},"end":{"line":31,"column":45}},"18":{"start":{"line":33,"column":20},"end":{"line":33,"column":76}},"19":{"start":{"line":35,"column":4},"end":{"line":35,"column":51}},"20":{"start":{"line":37,"column":4},"end":{"line":39,"column":null}},"21":{"start":{"line":38,"column":6},"end":{"line":38,"column":50}},"22":{"start":{"line":40,"column":4},"end":{"line":42,"column":null}},"23":{"start":{"line":41,"column":6},"end":{"line":41,"column":53}},"24":{"start":{"line":43,"column":4},"end":{"line":43,"column":60}},"25":{"start":{"line":28,"column":0},"end":{"line":28,"column":7}}},"fnMap":{"0":{"name":"getPayments","decl":{"start":{"line":7,"column":22},"end":{"line":7,"column":33}},"loc":{"start":{"line":7,"column":74},"end":{"line":26,"column":1}}},"1":{"name":"postPayment","decl":{"start":{"line":28,"column":22},"end":{"line":28,"column":33}},"loc":{"start":{"line":28,"column":74},"end":{"line":45,"column":1}}}},"branchMap":{"0":{"loc":{"start":{"line":11,"column":4},"end":{"line":13,"column":null}},"type":"if","locations":[{"start":{"line":11,"column":4},"end":{"line":13,"column":null}}]},"1":{"loc":{"start":{"line":18,"column":4},"end":{"line":20,"column":null}},"type":"if","locations":[{"start":{"line":18,"column":4},"end":{"line":20,"column":null}}]},"2":{"loc":{"start":{"line":21,"column":4},"end":{"line":23,"column":null}},"type":"if","locations":[{"start":{"line":21,"column":4},"end":{"line":23,"column":null}}]},"3":{"loc":{"start":{"line":37,"column":4},"end":{"line":39,"column":null}},"type":"if","locations":[{"start":{"line":37,"column":4},"end":{"line":39,"column":null}}]},"4":{"loc":{"start":{"line":40,"column":4},"end":{"line":42,"column":null}},"type":"if","locations":[{"start":{"line":40,"column":4},"end":{"line":42,"column":null}}]}},"s":{"0":11,"1":11,"2":4,"3":4,"4":4,"5":4,"6":1,"7":3,"8":1,"9":2,"10":1,"11":1,"12":1,"13":0,"14":11,"15":5,"16":5,"17":5,"18":5,"19":3,"20":2,"21":1,"22":1,"23":1,"24":0,"25":11},"f":{"0":4,"1":5},"b":{"0":[1],"1":[1],"2":[1],"3":[1],"4":[1]}}
,"/home/rodrigo/calvs-drivent/src/controllers/tickets-controllers.ts": {"path":"/home/rodrigo/calvs-drivent/src/controllers/tickets-controllers.ts","statementMap":{"0":{"start":{"line":2,"column":0},"end":{"line":2,"column":56}},"1":{"start":{"line":4,"column":0},"end":{"line":4,"column":37}},"2":{"start":{"line":7,"column":2},"end":{"line":13,"column":null}},"3":{"start":{"line":8,"column":25},"end":{"line":8,"column":63}},"4":{"start":{"line":10,"column":4},"end":{"line":10,"column":56}},"5":{"start":{"line":12,"column":4},"end":{"line":12,"column":60}},"6":{"start":{"line":6,"column":0},"end":{"line":6,"column":7}},"7":{"start":{"line":17,"column":21},"end":{"line":17,"column":24}},"8":{"start":{"line":18,"column":2},"end":{"line":27,"column":null}},"9":{"start":{"line":19,"column":19},"end":{"line":19,"column":71}},"10":{"start":{"line":21,"column":4},"end":{"line":21,"column":50}},"11":{"start":{"line":23,"column":4},"end":{"line":25,"column":null}},"12":{"start":{"line":24,"column":6},"end":{"line":24,"column":50}},"13":{"start":{"line":26,"column":4},"end":{"line":26,"column":60}},"14":{"start":{"line":16,"column":0},"end":{"line":16,"column":7}},"15":{"start":{"line":31,"column":27},"end":{"line":31,"column":35}},"16":{"start":{"line":32,"column":21},"end":{"line":32,"column":24}},"17":{"start":{"line":33,"column":2},"end":{"line":41,"column":null}},"18":{"start":{"line":34,"column":23},"end":{"line":34,"column":96}},"19":{"start":{"line":35,"column":4},"end":{"line":35,"column":59}},"20":{"start":{"line":37,"column":4},"end":{"line":39,"column":null}},"21":{"start":{"line":38,"column":6},"end":{"line":38,"column":50}},"22":{"start":{"line":40,"column":4},"end":{"line":40,"column":60}},"23":{"start":{"line":30,"column":0},"end":{"line":30,"column":7}}},"fnMap":{"0":{"name":"getTicketsTypes","decl":{"start":{"line":6,"column":22},"end":{"line":6,"column":37}},"loc":{"start":{"line":6,"column":78},"end":{"line":14,"column":1}}},"1":{"name":"getTicketsByUser","decl":{"start":{"line":16,"column":22},"end":{"line":16,"column":38}},"loc":{"start":{"line":16,"column":79},"end":{"line":28,"column":1}}},"2":{"name":"postTicket","decl":{"start":{"line":30,"column":22},"end":{"line":30,"column":32}},"loc":{"start":{"line":30,"column":73},"end":{"line":42,"column":1}}}},"branchMap":{"0":{"loc":{"start":{"line":23,"column":4},"end":{"line":25,"column":null}},"type":"if","locations":[{"start":{"line":23,"column":4},"end":{"line":25,"column":null}}]},"1":{"loc":{"start":{"line":37,"column":4},"end":{"line":39,"column":null}},"type":"if","locations":[{"start":{"line":37,"column":4},"end":{"line":39,"column":null}}]}},"s":{"0":11,"1":11,"2":2,"3":2,"4":2,"5":0,"6":11,"7":3,"8":3,"9":3,"10":1,"11":2,"12":2,"13":0,"14":11,"15":3,"16":3,"17":3,"18":3,"19":2,"20":1,"21":1,"22":0,"23":11},"f":{"0":2,"1":3,"2":3},"b":{"0":[2],"1":[1]}}
,"/home/rodrigo/calvs-drivent/src/controllers/users-controller.ts": {"path":"/home/rodrigo/calvs-drivent/src/controllers/users-controller.ts","statementMap":{"0":{"start":{"line":1,"column":0},"end":{"line":1,"column":51}},"1":{"start":{"line":3,"column":0},"end":{"line":3,"column":37}},"2":{"start":{"line":6,"column":30},"end":{"line":6,"column":38}},"3":{"start":{"line":8,"column":2},"end":{"line":19,"column":null}},"4":{"start":{"line":9,"column":17},"end":{"line":9,"column":66}},"5":{"start":{"line":10,"column":4},"end":{"line":13,"column":7}},"6":{"start":{"line":15,"column":4},"end":{"line":17,"column":null}},"7":{"start":{"line":16,"column":6},"end":{"line":16,"column":57}},"8":{"start":{"line":18,"column":4},"end":{"line":18,"column":58}},"9":{"start":{"line":5,"column":0},"end":{"line":5,"column":7}}},"fnMap":{"0":{"name":"usersPost","decl":{"start":{"line":5,"column":22},"end":{"line":5,"column":31}},"loc":{"start":{"line":5,"column":59},"end":{"line":20,"column":1}}}},"branchMap":{"0":{"loc":{"start":{"line":15,"column":4},"end":{"line":17,"column":null}},"type":"if","locations":[{"start":{"line":15,"column":4},"end":{"line":17,"column":null}}]}},"s":{"0":11,"1":11,"2":6,"3":6,"4":6,"5":3,"6":3,"7":1,"8":2,"9":11},"f":{"0":6},"b":{"0":[1]}}
,"/home/rodrigo/calvs-drivent/src/errors/cannot-enroll-before-start-date-error.ts": {"path":"/home/rodrigo/calvs-drivent/src/errors/cannot-enroll-before-start-date-error.ts","statementMap":{"0":{"start":{"line":4,"column":2},"end":{"line":7,"column":4}},"1":{"start":{"line":3,"column":0},"end":{"line":3,"column":16}}},"fnMap":{"0":{"name":"cannotEnrollBeforeStartDateError","decl":{"start":{"line":3,"column":16},"end":{"line":3,"column":48}},"loc":{"start":{"line":3,"column":48},"end":{"line":8,"column":1}}}},"branchMap":{},"s":{"0":2,"1":11},"f":{"0":2},"b":{}}
,"/home/rodrigo/calvs-drivent/src/errors/conflict-error.ts": {"path":"/home/rodrigo/calvs-drivent/src/errors/conflict-error.ts","statementMap":{"0":{"start":{"line":4,"column":2},"end":{"line":7,"column":4}},"1":{"start":{"line":3,"column":0},"end":{"line":3,"column":16}}},"fnMap":{"0":{"name":"conflictError","decl":{"start":{"line":3,"column":16},"end":{"line":3,"column":29}},"loc":{"start":{"line":3,"column":45},"end":{"line":8,"column":1}}}},"branchMap":{},"s":{"0":0,"1":11},"f":{"0":0},"b":{}}
,"/home/rodrigo/calvs-drivent/src/errors/index.ts": {"path":"/home/rodrigo/calvs-drivent/src/errors/index.ts","statementMap":{"0":{"start":{"line":1,"column":0},"end":{"line":1,"column":56}},"1":{"start":{"line":2,"column":0},"end":{"line":2,"column":33}},"2":{"start":{"line":3,"column":0},"end":{"line":3,"column":37}},"3":{"start":{"line":4,"column":0},"end":{"line":4,"column":38}},"4":{"start":{"line":5,"column":0},"end":{"line":5,"column":34}},"5":{"start":{"line":6,"column":0},"end":{"line":6,"column":37}},"6":{"start":{"line":7,"column":0},"end":{"line":7,"column":32}},"7":{"start":{"line":8,"column":0},"end":{"line":8,"column":32}},"8":{"start":{"line":9,"column":0},"end":{"line":9,"column":38}}},"fnMap":{},"branchMap":{},"s":{"0":11,"1":11,"2":11,"3":11,"4":11,"5":11,"6":11,"7":11,"8":11},"f":{},"b":{}}
,"/home/rodrigo/calvs-drivent/src/errors/invalid-data-error.ts": {"path":"/home/rodrigo/calvs-drivent/src/errors/invalid-data-error.ts","statementMap":{"0":{"start":{"line":4,"column":2},"end":{"line":8,"column":4}},"1":{"start":{"line":3,"column":0},"end":{"line":3,"column":16}}},"fnMap":{"0":{"name":"invalidDataError","decl":{"start":{"line":3,"column":16},"end":{"line":3,"column":32}},"loc":{"start":{"line":3,"column":50},"end":{"line":9,"column":1}}}},"branchMap":{},"s":{"0":36,"1":11},"f":{"0":36},"b":{}}
,"/home/rodrigo/calvs-drivent/src/errors/invalid-email-error.ts": {"path":"/home/rodrigo/calvs-drivent/src/errors/invalid-email-error.ts","statementMap":{"0":{"start":{"line":4,"column":2},"end":{"line":8,"column":4}},"1":{"start":{"line":3,"column":0},"end":{"line":3,"column":16}}},"fnMap":{"0":{"name":"invalidEmailError","decl":{"start":{"line":3,"column":16},"end":{"line":3,"column":33}},"loc":{"start":{"line":3,"column":47},"end":{"line":9,"column":1}}}},"branchMap":{},"s":{"0":0,"1":11},"f":{"0":0},"b":{}}
,"/home/rodrigo/calvs-drivent/src/errors/not-found-error.ts": {"path":"/home/rodrigo/calvs-drivent/src/errors/not-found-error.ts","statementMap":{"0":{"start":{"line":4,"column":2},"end":{"line":7,"column":4}},"1":{"start":{"line":3,"column":0},"end":{"line":3,"column":16}}},"fnMap":{"0":{"name":"notFoundError","decl":{"start":{"line":3,"column":16},"end":{"line":3,"column":29}},"loc":{"start":{"line":3,"column":29},"end":{"line":8,"column":1}}}},"branchMap":{},"s":{"0":11,"1":11},"f":{"0":11},"b":{}}
,"/home/rodrigo/calvs-drivent/src/errors/payment-error.ts": {"path":"/home/rodrigo/calvs-drivent/src/errors/payment-error.ts","statementMap":{"0":{"start":{"line":4,"column":2},"end":{"line":7,"column":4}},"1":{"start":{"line":3,"column":0},"end":{"line":3,"column":16}}},"fnMap":{"0":{"name":"paymentError","decl":{"start":{"line":3,"column":16},"end":{"line":3,"column":28}},"loc":{"start":{"line":3,"column":28},"end":{"line":8,"column":1}}}},"branchMap":{},"s":{"0":6,"1":11},"f":{"0":6},"b":{}}
,"/home/rodrigo/calvs-drivent/src/errors/request-error.ts": {"path":"/home/rodrigo/calvs-drivent/src/errors/request-error.ts","statementMap":{"0":{"start":{"line":4,"column":2},"end":{"line":10,"column":4}},"1":{"start":{"line":3,"column":0},"end":{"line":3,"column":16}}},"fnMap":{"0":{"name":"requestError","decl":{"start":{"line":3,"column":16},"end":{"line":3,"column":28}},"loc":{"start":{"line":3,"column":63},"end":{"line":11,"column":1}}}},"branchMap":{},"s":{"0":1,"1":11},"f":{"0":1},"b":{}}
,"/home/rodrigo/calvs-drivent/src/errors/unauthorized-error.ts": {"path":"/home/rodrigo/calvs-drivent/src/errors/unauthorized-error.ts","statementMap":{"0":{"start":{"line":4,"column":2},"end":{"line":7,"column":4}},"1":{"start":{"line":3,"column":0},"end":{"line":3,"column":16}}},"fnMap":{"0":{"name":"unauthorizedError","decl":{"start":{"line":3,"column":16},"end":{"line":3,"column":33}},"loc":{"start":{"line":3,"column":33},"end":{"line":8,"column":1}}}},"branchMap":{},"s":{"0":36,"1":11},"f":{"0":36},"b":{}}
,"/home/rodrigo/calvs-drivent/src/errors/unprocessable-error.ts": {"path":"/home/rodrigo/calvs-drivent/src/errors/unprocessable-error.ts","statementMap":{"0":{"start":{"line":4,"column":2},"end":{"line":7,"column":4}},"1":{"start":{"line":3,"column":0},"end":{"line":3,"column":16}}},"fnMap":{"0":{"name":"unprocessableEntityError","decl":{"start":{"line":3,"column":16},"end":{"line":3,"column":40}},"loc":{"start":{"line":3,"column":40},"end":{"line":8,"column":1}}}},"branchMap":{},"s":{"0":1,"1":11},"f":{"0":1},"b":{}}
,"/home/rodrigo/calvs-drivent/src/middlewares/authentication-middleware.ts": {"path":"/home/rodrigo/calvs-drivent/src/middlewares/authentication-middleware.ts","statementMap":{"0":{"start":{"line":2,"column":0},"end":{"line":2,"column":37}},"1":{"start":{"line":3,"column":0},"end":{"line":3,"column":36}},"2":{"start":{"line":5,"column":0},"end":{"line":5,"column":45}},"3":{"start":{"line":6,"column":0},"end":{"line":6,"column":34}},"4":{"start":{"line":9,"column":21},"end":{"line":9,"column":48}},"5":{"start":{"line":10,"column":2},"end":{"line":10,"column":60}},"6":{"start":{"line":10,"column":19},"end":{"line":10,"column":60}},"7":{"start":{"line":12,"column":16},"end":{"line":12,"column":40}},"8":{"start":{"line":13,"column":2},"end":{"line":13,"column":55}},"9":{"start":{"line":13,"column":14},"end":{"line":13,"column":55}},"10":{"start":{"line":15,"column":2},"end":{"line":30,"column":null}},"11":{"start":{"line":16,"column":23},"end":{"line":16,"column":78}},"12":{"start":{"line":18,"column":20},"end":{"line":22,"column":6}},"13":{"start":{"line":23,"column":4},"end":{"line":23,"column":59}},"14":{"start":{"line":23,"column":18},"end":{"line":23,"column":59}},"15":{"start":{"line":25,"column":4},"end":{"line":25,"column":24}},"16":{"start":{"line":27,"column":4},"end":{"line":27,"column":18}},"17":{"start":{"line":29,"column":4},"end":{"line":29,"column":45}},"18":{"start":{"line":8,"column":0},"end":{"line":8,"column":7}},"19":{"start":{"line":34,"column":2},"end":{"line":34,"column":64}}},"fnMap":{"0":{"name":"authenticateToken","decl":{"start":{"line":8,"column":22},"end":{"line":8,"column":39}},"loc":{"start":{"line":8,"column":100},"end":{"line":31,"column":1}}},"1":{"name":"generateUnauthorizedResponse","decl":{"start":{"line":33,"column":9},"end":{"line":33,"column":37}},"loc":{"start":{"line":33,"column":51},"end":{"line":35,"column":1}}}},"branchMap":{"0":{"loc":{"start":{"line":10,"column":2},"end":{"line":10,"column":60}},"type":"if","locations":[{"start":{"line":10,"column":2},"end":{"line":10,"column":60}}]},"1":{"loc":{"start":{"line":13,"column":2},"end":{"line":13,"column":55}},"type":"if","locations":[{"start":{"line":13,"column":2},"end":{"line":13,"column":55}}]},"2":{"loc":{"start":{"line":23,"column":4},"end":{"line":23,"column":59}},"type":"if","locations":[{"start":{"line":23,"column":4},"end":{"line":23,"column":59}}]}},"s":{"0":11,"1":11,"2":11,"3":11,"4":105,"5":105,"6":12,"7":93,"8":93,"9":0,"10":93,"11":93,"12":81,"13":81,"14":12,"15":69,"16":69,"17":12,"18":11,"19":36},"f":{"0":105,"1":36},"b":{"0":[12],"1":[0],"2":[12]}}
,"/home/rodrigo/calvs-drivent/src/middlewares/error-handling-middleware.ts": {"path":"/home/rodrigo/calvs-drivent/src/middlewares/error-handling-middleware.ts","statementMap":{"0":{"start":{"line":3,"column":0},"end":{"line":3,"column":37}},"1":{"start":{"line":6,"column":2},"end":{"line":10,"column":null}},"2":{"start":{"line":7,"column":4},"end":{"line":9,"column":7}},"3":{"start":{"line":12,"column":2},"end":{"line":16,"column":null}},"4":{"start":{"line":13,"column":4},"end":{"line":15,"column":7}},"5":{"start":{"line":18,"column":2},"end":{"line":22,"column":null}},"6":{"start":{"line":19,"column":4},"end":{"line":21,"column":7}},"7":{"start":{"line":24,"column":2},"end":{"line":28,"column":null}},"8":{"start":{"line":25,"column":4},"end":{"line":27,"column":7}},"9":{"start":{"line":30,"column":2},"end":{"line":34,"column":null}},"10":{"start":{"line":31,"column":4},"end":{"line":33,"column":7}},"11":{"start":{"line":38,"column":2},"end":{"line":41,"column":5}},"12":{"start":{"line":5,"column":0},"end":{"line":5,"column":16}}},"fnMap":{"0":{"name":"handleApplicationErrors","decl":{"start":{"line":5,"column":16},"end":{"line":5,"column":39}},"loc":{"start":{"line":5,"column":99},"end":{"line":42,"column":1}}}},"branchMap":{"0":{"loc":{"start":{"line":6,"column":2},"end":{"line":10,"column":null}},"type":"if","locations":[{"start":{"line":6,"column":2},"end":{"line":10,"column":null}}]},"1":{"loc":{"start":{"line":12,"column":2},"end":{"line":16,"column":null}},"type":"if","locations":[{"start":{"line":12,"column":2},"end":{"line":16,"column":null}}]},"2":{"loc":{"start":{"line":12,"column":6},"end":{"line":12,"column":73}},"type":"binary-expr","locations":[{"start":{"line":12,"column":6},"end":{"line":12,"column":34}},{"start":{"line":12,"column":38},"end":{"line":12,"column":73}}]},"3":{"loc":{"start":{"line":18,"column":2},"end":{"line":22,"column":null}},"type":"if","locations":[{"start":{"line":18,"column":2},"end":{"line":22,"column":null}}]},"4":{"loc":{"start":{"line":24,"column":2},"end":{"line":28,"column":null}},"type":"if","locations":[{"start":{"line":24,"column":2},"end":{"line":28,"column":null}}]},"5":{"loc":{"start":{"line":30,"column":2},"end":{"line":34,"column":null}},"type":"if","locations":[{"start":{"line":30,"column":2},"end":{"line":34,"column":null}}]}},"s":{"0":11,"1":0,"2":0,"3":0,"4":0,"5":0,"6":0,"7":0,"8":0,"9":0,"10":0,"11":0,"12":11},"f":{"0":0},"b":{"0":[0],"1":[0],"2":[0,0],"3":[0],"4":[0],"5":[0]}}
,"/home/rodrigo/calvs-drivent/src/middlewares/index.ts": {"path":"/home/rodrigo/calvs-drivent/src/middlewares/index.ts","statementMap":{"0":{"start":{"line":1,"column":0},"end":{"line":1,"column":44}},"1":{"start":{"line":2,"column":0},"end":{"line":2,"column":40}},"2":{"start":{"line":3,"column":0},"end":{"line":3,"column":44}}},"fnMap":{},"branchMap":{},"s":{"0":11,"1":11,"2":11},"f":{},"b":{}}
,"/home/rodrigo/calvs-drivent/src/middlewares/validation-middleware.ts": {"path":"/home/rodrigo/calvs-drivent/src/middlewares/validation-middleware.ts","statementMap":{"0":{"start":{"line":1,"column":0},"end":{"line":1,"column":44}},"1":{"start":{"line":3,"column":0},"end":{"line":3,"column":37}},"2":{"start":{"line":7,"column":2},"end":{"line":7,"column":34}},"3":{"start":{"line":6,"column":0},"end":{"line":6,"column":16}},"4":{"start":{"line":11,"column":2},"end":{"line":11,"column":36}},"5":{"start":{"line":10,"column":0},"end":{"line":10,"column":16}},"6":{"start":{"line":15,"column":2},"end":{"line":25,"column":4}},"7":{"start":{"line":16,"column":22},"end":{"line":18,"column":6}},"8":{"start":{"line":20,"column":4},"end":{"line":24,"column":null}},"9":{"start":{"line":21,"column":6},"end":{"line":21,"column":13}},"10":{"start":{"line":23,"column":6},"end":{"line":23,"column":101}},"11":{"start":{"line":23,"column":88},"end":{"line":23,"column":97}}},"fnMap":{"0":{"name":"validateBody","decl":{"start":{"line":6,"column":16},"end":{"line":6,"column":28}},"loc":{"start":{"line":6,"column":55},"end":{"line":8,"column":1}}},"1":{"name":"validateParams","decl":{"start":{"line":10,"column":16},"end":{"line":10,"column":30}},"loc":{"start":{"line":10,"column":57},"end":{"line":12,"column":1}}},"2":{"name":"validate","decl":{"start":{"line":14,"column":9},"end":{"line":14,"column":17}},"loc":{"start":{"line":14,"column":63},"end":{"line":26,"column":1}}},"3":{"name":"(anonymous_4)","decl":{"start":{"line":15,"column":9},"end":{"line":15,"column":10}},"loc":{"start":{"line":15,"column":61},"end":{"line":25,"column":3}}},"4":{"name":"(anonymous_5)","decl":{"start":{"line":23,"column":81},"end":{"line":23,"column":82}},"loc":{"start":{"line":23,"column":88},"end":{"line":23,"column":97}}}},"branchMap":{"0":{"loc":{"start":{"line":20,"column":4},"end":{"line":24,"column":null}},"type":"if","locations":[{"start":{"line":20,"column":4},"end":{"line":24,"column":null}},{"start":{"line":22,"column":11},"end":{"line":24,"column":null}}]}},"s":{"0":11,"1":11,"2":77,"3":11,"4":0,"5":11,"6":77,"7":52,"8":52,"9":40,"10":12,"11":29},"f":{"0":77,"1":0,"2":77,"3":52,"4":29},"b":{"0":[40,12]}}
,"/home/rodrigo/calvs-drivent/src/repositories/address-repository/index.ts": {"path":"/home/rodrigo/calvs-drivent/src/repositories/address-repository/index.ts","statementMap":{"0":{"start":{"line":1,"column":0},"end":{"line":1,"column":34}},"1":{"start":{"line":5,"column":2},"end":{"line":14,"column":5}},"2":{"start":{"line":20,"column":26},"end":{"line":22,"column":2}},"3":{"start":{"line":24,"column":0},"end":{"line":24,"column":33}}},"fnMap":{"0":{"name":"upsert","decl":{"start":{"line":4,"column":15},"end":{"line":4,"column":21}},"loc":{"start":{"line":4,"column":116},"end":{"line":15,"column":1}}}},"branchMap":{},"s":{"0":11,"1":2,"2":11,"3":11},"f":{"0":2},"b":{}}
,"/home/rodrigo/calvs-drivent/src/repositories/booking-repository/index.ts": {"path":"/home/rodrigo/calvs-drivent/src/repositories/booking-repository/index.ts","statementMap":{"0":{"start":{"line":1,"column":0},"end":{"line":1,"column":34}},"1":{"start":{"line":4,"column":2},"end":{"line":7,"column":5}},"2":{"start":{"line":11,"column":2},"end":{"line":14,"column":5}},"3":{"start":{"line":18,"column":2},"end":{"line":21,"column":5}},"4":{"start":{"line":25,"column":2},"end":{"line":27,"column":5}},"5":{"start":{"line":31,"column":2},"end":{"line":34,"column":5}},"6":{"start":{"line":37,"column":26},"end":{"line":37,"column":121}},"7":{"start":{"line":39,"column":0},"end":{"line":39,"column":33}}},"fnMap":{"0":{"name":"findBookingByUserId","decl":{"start":{"line":3,"column":15},"end":{"line":3,"column":34}},"loc":{"start":{"line":3,"column":49},"end":{"line":8,"column":1}}},"1":{"name":"findBookingByIdByRoomId","decl":{"start":{"line":10,"column":15},"end":{"line":10,"column":38}},"loc":{"start":{"line":10,"column":69},"end":{"line":15,"column":1}}},"2":{"name":"findBookingById","decl":{"start":{"line":17,"column":15},"end":{"line":17,"column":30}},"loc":{"start":{"line":17,"column":41},"end":{"line":22,"column":1}}},"3":{"name":"createBooking","decl":{"start":{"line":24,"column":15},"end":{"line":24,"column":28}},"loc":{"start":{"line":24,"column":59},"end":{"line":28,"column":1}}},"4":{"name":"updateBooking","decl":{"start":{"line":30,"column":15},"end":{"line":30,"column":28}},"loc":{"start":{"line":30,"column":55},"end":{"line":35,"column":1}}}},"branchMap":{},"s":{"0":11,"1":6,"2":0,"3":5,"4":1,"5":1,"6":11,"7":11},"f":{"0":6,"1":0,"2":5,"3":1,"4":1},"b":{}}
,"/home/rodrigo/calvs-drivent/src/repositories/enrollment-repository/index.ts": {"path":"/home/rodrigo/calvs-drivent/src/repositories/enrollment-repository/index.ts","statementMap":{"0":{"start":{"line":1,"column":0},"end":{"line":1,"column":34}},"1":{"start":{"line":5,"column":2},"end":{"line":10,"column":5}},"2":{"start":{"line":14,"column":2},"end":{"line":16,"column":5}},"3":{"start":{"line":24,"column":2},"end":{"line":30,"column":5}},"4":{"start":{"line":36,"column":29},"end":{"line":40,"column":2}},"5":{"start":{"line":42,"column":0},"end":{"line":42,"column":36}}},"fnMap":{"0":{"name":"findWithAddressByUserId","decl":{"start":{"line":4,"column":15},"end":{"line":4,"column":38}},"loc":{"start":{"line":4,"column":53},"end":{"line":11,"column":1}}},"1":{"name":"findWithoutAddressByUserId","decl":{"start":{"line":13,"column":15},"end":{"line":13,"column":41}},"loc":{"start":{"line":13,"column":56},"end":{"line":17,"column":1}}},"2":{"name":"upsert","decl":{"start":{"line":19,"column":15},"end":{"line":19,"column":21}},"loc":{"start":{"line":22,"column":43},"end":{"line":31,"column":1}}}},"branchMap":{},"s":{"0":11,"1":2,"2":49,"3":2,"4":11,"5":11},"f":{"0":2,"1":49,"2":2},"b":{}}
,"/home/rodrigo/calvs-drivent/src/repositories/event-repository/index.ts": {"path":"/home/rodrigo/calvs-drivent/src/repositories/event-repository/index.ts","statementMap":{"0":{"start":{"line":1,"column":0},"end":{"line":1,"column":34}},"1":{"start":{"line":4,"column":2},"end":{"line":4,"column":34}},"2":{"start":{"line":7,"column":24},"end":{"line":9,"column":2}},"3":{"start":{"line":11,"column":0},"end":{"line":11,"column":31}}},"fnMap":{"0":{"name":"findFirst","decl":{"start":{"line":3,"column":15},"end":{"line":3,"column":24}},"loc":{"start":{"line":3,"column":24},"end":{"line":5,"column":1}}}},"branchMap":{},"s":{"0":11,"1":11,"2":11,"3":11},"f":{"0":11},"b":{}}
,"/home/rodrigo/calvs-drivent/src/repositories/hotel-repository/index.ts": {"path":"/home/rodrigo/calvs-drivent/src/repositories/hotel-repository/index.ts","statementMap":{"0":{"start":{"line":1,"column":0},"end":{"line":1,"column":34}},"1":{"start":{"line":4,"column":2},"end":{"line":4,"column":33}},"2":{"start":{"line":8,"column":2},"end":{"line":10,"column":5}},"3":{"start":{"line":13,"column":24},"end":{"line":13,"column":56}},"4":{"start":{"line":15,"column":0},"end":{"line":15,"column":31}}},"fnMap":{"0":{"name":"findAllHotels","decl":{"start":{"line":3,"column":15},"end":{"line":3,"column":28}},"loc":{"start":{"line":3,"column":28},"end":{"line":5,"column":1}}},"1":{"name":"findHotelById","decl":{"start":{"line":7,"column":15},"end":{"line":7,"column":28}},"loc":{"start":{"line":7,"column":44},"end":{"line":11,"column":1}}}},"branchMap":{},"s":{"0":11,"1":3,"2":3,"3":11,"4":11},"f":{"0":3,"1":3},"b":{}}
,"/home/rodrigo/calvs-drivent/src/repositories/payment-repository/index.ts": {"path":"/home/rodrigo/calvs-drivent/src/repositories/payment-repository/index.ts","statementMap":{"0":{"start":{"line":1,"column":0},"end":{"line":1,"column":34}},"1":{"start":{"line":5,"column":2},"end":{"line":7,"column":5}},"2":{"start":{"line":11,"column":2},"end":{"line":13,"column":5}},"3":{"start":{"line":18,"column":26},"end":{"line":18,"column":66}},"4":{"start":{"line":20,"column":0},"end":{"line":20,"column":33}}},"fnMap":{"0":{"name":"findPaymentByTicketId","decl":{"start":{"line":4,"column":15},"end":{"line":4,"column":36}},"loc":{"start":{"line":4,"column":53},"end":{"line":8,"column":1}}},"1":{"name":"createPayment","decl":{"start":{"line":10,"column":15},"end":{"line":10,"column":28}},"loc":{"start":{"line":10,"column":48},"end":{"line":14,"column":1}}}},"branchMap":{},"s":{"0":11,"1":1,"2":3,"3":11,"4":11},"f":{"0":1,"1":3},"b":{}}
,"/home/rodrigo/calvs-drivent/src/repositories/room-repository/index.ts": {"path":"/home/rodrigo/calvs-drivent/src/repositories/room-repository/index.ts","statementMap":{"0":{"start":{"line":1,"column":0},"end":{"line":1,"column":34}},"1":{"start":{"line":4,"column":2},"end":{"line":10,"column":5}},"2":{"start":{"line":14,"column":2},"end":{"line":17,"column":5}},"3":{"start":{"line":20,"column":23},"end":{"line":20,"column":78}},"4":{"start":{"line":22,"column":0},"end":{"line":22,"column":30}}},"fnMap":{"0":{"name":"findHotelRoomsByHotelIdWithNoBookings","decl":{"start":{"line":3,"column":15},"end":{"line":3,"column":52}},"loc":{"start":{"line":3,"column":68},"end":{"line":11,"column":1}}},"1":{"name":"findRoomById","decl":{"start":{"line":13,"column":15},"end":{"line":13,"column":27}},"loc":{"start":{"line":13,"column":38},"end":{"line":18,"column":1}}}},"branchMap":{},"s":{"0":11,"1":2,"2":6,"3":11,"4":11},"f":{"0":2,"1":6},"b":{}}
,"/home/rodrigo/calvs-drivent/src/repositories/session-repository/index.ts": {"path":"/home/rodrigo/calvs-drivent/src/repositories/session-repository/index.ts","statementMap":{"0":{"start":{"line":1,"column":0},"end":{"line":1,"column":34}},"1":{"start":{"line":5,"column":2},"end":{"line":7,"column":5}},"2":{"start":{"line":10,"column":26},"end":{"line":12,"column":2}},"3":{"start":{"line":14,"column":0},"end":{"line":14,"column":33}}},"fnMap":{"0":{"name":"create","decl":{"start":{"line":4,"column":15},"end":{"line":4,"column":21}},"loc":{"start":{"line":4,"column":62},"end":{"line":8,"column":1}}}},"branchMap":{},"s":{"0":11,"1":5,"2":11,"3":11},"f":{"0":5},"b":{}}
,"/home/rodrigo/calvs-drivent/src/repositories/ticket-repository/index.ts": {"path":"/home/rodrigo/calvs-drivent/src/repositories/ticket-repository/index.ts","statementMap":{"0":{"start":{"line":1,"column":0},"end":{"line":1,"column":34}},"1":{"start":{"line":5,"column":2},"end":{"line":5,"column":38}},"2":{"start":{"line":9,"column":2},"end":{"line":12,"column":5}},"3":{"start":{"line":16,"column":2},"end":{"line":18,"column":5}},"4":{"start":{"line":22,"column":2},"end":{"line":25,"column":5}},"5":{"start":{"line":29,"column":2},"end":{"line":31,"column":5}},"6":{"start":{"line":35,"column":2},"end":{"line":38,"column":5}},"7":{"start":{"line":45,"column":26},"end":{"line":46,"column":59}},"8":{"start":{"line":48,"column":0},"end":{"line":48,"column":33}}},"fnMap":{"0":{"name":"findManyTicketsInfo","decl":{"start":{"line":4,"column":15},"end":{"line":4,"column":34}},"loc":{"start":{"line":4,"column":34},"end":{"line":6,"column":1}}},"1":{"name":"findTicketByEnrollmentId","decl":{"start":{"line":8,"column":15},"end":{"line":8,"column":39}},"loc":{"start":{"line":8,"column":60},"end":{"line":13,"column":1}}},"2":{"name":"findTicketTypeById","decl":{"start":{"line":15,"column":15},"end":{"line":15,"column":33}},"loc":{"start":{"line":15,"column":54},"end":{"line":19,"column":1}}},"3":{"name":"createNewTicket","decl":{"start":{"line":21,"column":15},"end":{"line":21,"column":30}},"loc":{"start":{"line":21,"column":49},"end":{"line":26,"column":1}}},"4":{"name":"findTicketById","decl":{"start":{"line":28,"column":15},"end":{"line":28,"column":29}},"loc":{"start":{"line":28,"column":40},"end":{"line":32,"column":1}}},"5":{"name":"updateStatusByTicketId","decl":{"start":{"line":34,"column":15},"end":{"line":34,"column":37}},"loc":{"start":{"line":34,"column":90},"end":{"line":39,"column":1}}}},"branchMap":{},"s":{"0":11,"1":2,"2":34,"3":7,"4":2,"5":8,"6":3,"7":11,"8":11},"f":{"0":2,"1":34,"2":7,"3":2,"4":8,"5":3},"b":{}}
,"/home/rodrigo/calvs-drivent/src/repositories/user-repository/index.ts": {"path":"/home/rodrigo/calvs-drivent/src/repositories/user-repository/index.ts","statementMap":{"0":{"start":{"line":1,"column":0},"end":{"line":1,"column":34}},"1":{"start":{"line":5,"column":44},"end":{"line":9,"column":4}},"2":{"start":{"line":11,"column":2},"end":{"line":13,"column":null}},"3":{"start":{"line":12,"column":4},"end":{"line":12,"column":27}},"4":{"start":{"line":15,"column":2},"end":{"line":15,"column":40}},"5":{"start":{"line":19,"column":2},"end":{"line":21,"column":5}},"6":{"start":{"line":24,"column":23},"end":{"line":27,"column":2}},"7":{"start":{"line":29,"column":0},"end":{"line":29,"column":30}}},"fnMap":{"0":{"name":"findByEmail","decl":{"start":{"line":4,"column":15},"end":{"line":4,"column":26}},"loc":{"start":{"line":4,"column":68},"end":{"line":16,"column":1}}},"1":{"name":"create","decl":{"start":{"line":18,"column":15},"end":{"line":18,"column":21}},"loc":{"start":{"line":18,"column":59},"end":{"line":22,"column":1}}}},"branchMap":{"0":{"loc":{"start":{"line":11,"column":2},"end":{"line":13,"column":null}},"type":"if","locations":[{"start":{"line":11,"column":2},"end":{"line":13,"column":null}}]}},"s":{"0":11,"1":16,"2":16,"3":9,"4":16,"5":5,"6":11,"7":11},"f":{"0":16,"1":5},"b":{"0":[9]}}
,"/home/rodrigo/calvs-drivent/src/routers/authentication-router.ts": {"path":"/home/rodrigo/calvs-drivent/src/routers/authentication-router.ts","statementMap":{"0":{"start":{"line":1,"column":0},"end":{"line":1,"column":43}},"1":{"start":{"line":2,"column":0},"end":{"line":2,"column":45}},"2":{"start":{"line":3,"column":0},"end":{"line":3,"column":41}},"3":{"start":{"line":4,"column":0},"end":{"line":4,"column":33}},"4":{"start":{"line":6,"column":29},"end":{"line":6,"column":37}},"5":{"start":{"line":10,"column":9},"end":{"line":10,"column":29}},"6":{"start":{"line":8,"column":0},"end":{"line":8,"column":78}}},"fnMap":{},"branchMap":{},"s":{"0":11,"1":11,"2":11,"3":11,"4":11,"5":11,"6":11},"f":{},"b":{}}
,"/home/rodrigo/calvs-drivent/src/routers/bookings-router.ts": {"path":"/home/rodrigo/calvs-drivent/src/routers/bookings-router.ts","statementMap":{"0":{"start":{"line":1,"column":0},"end":{"line":1,"column":33}},"1":{"start":{"line":2,"column":0},"end":{"line":2,"column":64}},"2":{"start":{"line":3,"column":0},"end":{"line":3,"column":71}},"3":{"start":{"line":4,"column":0},"end":{"line":4,"column":48}},"4":{"start":{"line":6,"column":23},"end":{"line":6,"column":31}},"5":{"start":{"line":14,"column":9},"end":{"line":14,"column":23}},"6":{"start":{"line":8,"column":0},"end":{"line":12,"column":72}}},"fnMap":{},"branchMap":{},"s":{"0":11,"1":11,"2":11,"3":11,"4":11,"5":11,"6":11},"f":{},"b":{}}
,"/home/rodrigo/calvs-drivent/src/routers/enrollments-router.ts": {"path":"/home/rodrigo/calvs-drivent/src/routers/enrollments-router.ts","statementMap":{"0":{"start":{"line":1,"column":0},"end":{"line":1,"column":33}},"1":{"start":{"line":2,"column":0},"end":{"line":2,"column":64}},"2":{"start":{"line":3,"column":0},"end":{"line":3,"column":101}},"3":{"start":{"line":4,"column":0},"end":{"line":4,"column":51}},"4":{"start":{"line":6,"column":26},"end":{"line":6,"column":34}},"5":{"start":{"line":14,"column":9},"end":{"line":14,"column":26}},"6":{"start":{"line":8,"column":0},"end":{"line":12,"column":81}}},"fnMap":{},"branchMap":{},"s":{"0":11,"1":11,"2":11,"3":11,"4":11,"5":11,"6":11},"f":{},"b":{}}
,"/home/rodrigo/calvs-drivent/src/routers/events-router.ts": {"path":"/home/rodrigo/calvs-drivent/src/routers/events-router.ts","statementMap":{"0":{"start":{"line":1,"column":0},"end":{"line":1,"column":33}},"1":{"start":{"line":2,"column":0},"end":{"line":2,"column":48}},"2":{"start":{"line":4,"column":21},"end":{"line":4,"column":29}},"3":{"start":{"line":8,"column":9},"end":{"line":8,"column":21}},"4":{"start":{"line":6,"column":0},"end":{"line":6,"column":39}}},"fnMap":{},"branchMap":{},"s":{"0":11,"1":11,"2":11,"3":11,"4":11},"f":{},"b":{}}
,"/home/rodrigo/calvs-drivent/src/routers/hotels-router.ts": {"path":"/home/rodrigo/calvs-drivent/src/routers/hotels-router.ts","statementMap":{"0":{"start":{"line":1,"column":0},"end":{"line":1,"column":33}},"1":{"start":{"line":2,"column":0},"end":{"line":2,"column":50}},"2":{"start":{"line":3,"column":0},"end":{"line":3,"column":80}},"3":{"start":{"line":5,"column":21},"end":{"line":5,"column":29}},"4":{"start":{"line":12,"column":9},"end":{"line":12,"column":21}},"5":{"start":{"line":7,"column":0},"end":{"line":10,"column":58}}},"fnMap":{},"branchMap":{},"s":{"0":11,"1":11,"2":11,"3":11,"4":11,"5":11},"f":{},"b":{}}
,"/home/rodrigo/calvs-drivent/src/routers/index.ts": {"path":"/home/rodrigo/calvs-drivent/src/routers/index.ts","statementMap":{"0":{"start":{"line":1,"column":0},"end":{"line":1,"column":31}},"1":{"start":{"line":2,"column":0},"end":{"line":2,"column":40}},"2":{"start":{"line":3,"column":0},"end":{"line":3,"column":32}},"3":{"start":{"line":4,"column":0},"end":{"line":4,"column":37}},"4":{"start":{"line":5,"column":0},"end":{"line":5,"column":33}},"5":{"start":{"line":6,"column":0},"end":{"line":6,"column":34}},"6":{"start":{"line":7,"column":0},"end":{"line":7,"column":32}},"7":{"start":{"line":8,"column":0},"end":{"line":8,"column":34}}},"fnMap":{},"branchMap":{},"s":{"0":11,"1":11,"2":11,"3":11,"4":11,"5":11,"6":11,"7":11},"f":{},"b":{}}
,"/home/rodrigo/calvs-drivent/src/routers/payments-router.ts": {"path":"/home/rodrigo/calvs-drivent/src/routers/payments-router.ts","statementMap":{"0":{"start":{"line":1,"column":0},"end":{"line":1,"column":33}},"1":{"start":{"line":2,"column":0},"end":{"line":2,"column":64}},"2":{"start":{"line":3,"column":0},"end":{"line":3,"column":57}},"3":{"start":{"line":4,"column":0},"end":{"line":4,"column":65}},"4":{"start":{"line":6,"column":23},"end":{"line":6,"column":31}},"5":{"start":{"line":13,"column":9},"end":{"line":13,"column":23}},"6":{"start":{"line":8,"column":0},"end":{"line":11,"column":68}}},"fnMap":{},"branchMap":{},"s":{"0":11,"1":11,"2":11,"3":11,"4":11,"5":11,"6":11},"f":{},"b":{}}
,"/home/rodrigo/calvs-drivent/src/routers/tickets-router.ts": {"path":"/home/rodrigo/calvs-drivent/src/routers/tickets-router.ts","statementMap":{"0":{"start":{"line":1,"column":0},"end":{"line":1,"column":33}},"1":{"start":{"line":2,"column":0},"end":{"line":2,"column":64}},"2":{"start":{"line":3,"column":0},"end":{"line":3,"column":78}},"3":{"start":{"line":4,"column":0},"end":{"line":4,"column":63}},"4":{"start":{"line":6,"column":22},"end":{"line":6,"column":30}},"5":{"start":{"line":14,"column":9},"end":{"line":14,"column":22}},"6":{"start":{"line":8,"column":0},"end":{"line":12,"column":59}}},"fnMap":{},"branchMap":{},"s":{"0":11,"1":11,"2":11,"3":11,"4":11,"5":11,"6":11},"f":{},"b":{}}
,"/home/rodrigo/calvs-drivent/src/routers/users-router.ts": {"path":"/home/rodrigo/calvs-drivent/src/routers/users-router.ts","statementMap":{"0":{"start":{"line":1,"column":0},"end":{"line":1,"column":33}},"1":{"start":{"line":3,"column":0},"end":{"line":3,"column":45}},"2":{"start":{"line":4,"column":0},"end":{"line":4,"column":45}},"3":{"start":{"line":5,"column":0},"end":{"line":5,"column":42}},"4":{"start":{"line":7,"column":20},"end":{"line":7,"column":28}},"5":{"start":{"line":11,"column":9},"end":{"line":11,"column":20}},"6":{"start":{"line":9,"column":0},"end":{"line":9,"column":65}}},"fnMap":{},"branchMap":{},"s":{"0":11,"1":11,"2":11,"3":11,"4":11,"5":11,"6":11},"f":{},"b":{}}
,"/home/rodrigo/calvs-drivent/src/schemas/authentication-schemas.ts": {"path":"/home/rodrigo/calvs-drivent/src/schemas/authentication-schemas.ts","statementMap":{"0":{"start":{"line":2,"column":0},"end":{"line":2,"column":22}},"1":{"start":{"line":4,"column":13},"end":{"line":7,"column":3}}},"fnMap":{},"branchMap":{},"s":{"0":14,"1":14},"f":{},"b":{}}
,"/home/rodrigo/calvs-drivent/src/schemas/bookings-schema.ts": {"path":"/home/rodrigo/calvs-drivent/src/schemas/bookings-schema.ts","statementMap":{"0":{"start":{"line":1,"column":0},"end":{"line":1,"column":22}},"1":{"start":{"line":4,"column":13},"end":{"line":6,"column":3}}},"fnMap":{},"branchMap":{},"s":{"0":14,"1":14},"f":{},"b":{}}
,"/home/rodrigo/calvs-drivent/src/schemas/enrollments-schemas.ts": {"path":"/home/rodrigo/calvs-drivent/src/schemas/enrollments-schemas.ts","statementMap":{"0":{"start":{"line":2,"column":0},"end":{"line":2,"column":105}},"1":{"start":{"line":3,"column":0},"end":{"line":3,"column":22}},"2":{"start":{"line":5,"column":28},"end":{"line":5,"column":87}},"3":{"start":{"line":7,"column":28},"end":{"line":7,"column":86}},"4":{"start":{"line":9,"column":36},"end":{"line":9,"column":108}},"5":{"start":{"line":11,"column":13},"end":{"line":28,"column":3}},"6":{"start":{"line":23,"column":39},"end":{"line":23,"column":45}},"7":{"start":{"line":31,"column":2},"end":{"line":31,"column":27}},"8":{"start":{"line":31,"column":14},"end":{"line":31,"column":27}},"9":{"start":{"line":33,"column":2},"end":{"line":35,"column":null}},"10":{"start":{"line":34,"column":4},"end":{"line":34,"column":40}},"11":{"start":{"line":37,"column":2},"end":{"line":37,"column":15}},"12":{"start":{"line":41,"column":2},"end":{"line":41,"column":27}},"13":{"start":{"line":41,"column":14},"end":{"line":41,"column":27}},"14":{"start":{"line":43,"column":2},"end":{"line":45,"column":null}},"15":{"start":{"line":44,"column":4},"end":{"line":44,"column":40}},"16":{"start":{"line":47,"column":2},"end":{"line":47,"column":15}},"17":{"start":{"line":51,"column":2},"end":{"line":51,"column":27}},"18":{"start":{"line":51,"column":14},"end":{"line":51,"column":27}},"19":{"start":{"line":53,"column":2},"end":{"line":55,"column":null}},"20":{"start":{"line":54,"column":4},"end":{"line":54,"column":40}},"21":{"start":{"line":57,"column":2},"end":{"line":57,"column":15}}},"fnMap":{"0":{"name":"(anonymous_1)","decl":{"start":{"line":23,"column":32},"end":{"line":23,"column":33}},"loc":{"start":{"line":23,"column":39},"end":{"line":23,"column":45}}},"1":{"name":"joiCpfValidation","decl":{"start":{"line":30,"column":9},"end":{"line":30,"column":25}},"loc":{"start":{"line":30,"column":75},"end":{"line":38,"column":1}}},"2":{"name":"JoiCepValidation","decl":{"start":{"line":40,"column":9},"end":{"line":40,"column":25}},"loc":{"start":{"line":40,"column":75},"end":{"line":48,"column":1}}},"3":{"name":"joiMobilePhoneValidation","decl":{"start":{"line":50,"column":9},"end":{"line":50,"column":33}},"loc":{"start":{"line":50,"column":83},"end":{"line":58,"column":1}}}},"branchMap":{"0":{"loc":{"start":{"line":31,"column":2},"end":{"line":31,"column":27}},"type":"if","locations":[{"start":{"line":31,"column":2},"end":{"line":31,"column":27}}]},"1":{"loc":{"start":{"line":33,"column":2},"end":{"line":35,"column":null}},"type":"if","locations":[{"start":{"line":33,"column":2},"end":{"line":35,"column":null}}]},"2":{"loc":{"start":{"line":41,"column":2},"end":{"line":41,"column":27}},"type":"if","locations":[{"start":{"line":41,"column":2},"end":{"line":41,"column":27}}]},"3":{"loc":{"start":{"line":43,"column":2},"end":{"line":45,"column":null}},"type":"if","locations":[{"start":{"line":43,"column":2},"end":{"line":45,"column":null}}]},"4":{"loc":{"start":{"line":51,"column":2},"end":{"line":51,"column":27}},"type":"if","locations":[{"start":{"line":51,"column":2},"end":{"line":51,"column":27}}]},"5":{"loc":{"start":{"line":53,"column":2},"end":{"line":55,"column":null}},"type":"if","locations":[{"start":{"line":53,"column":2},"end":{"line":55,"column":null}}]}},"s":{"0":14,"1":14,"2":14,"3":14,"4":14,"5":14,"6":378,"7":29,"8":0,"9":29,"10":1,"11":28,"12":19,"13":0,"14":19,"15":1,"16":18,"17":23,"18":0,"19":23,"20":0,"21":23},"f":{"0":378,"1":29,"2":19,"3":23},"b":{"0":[0],"1":[1],"2":[0],"3":[1],"4":[0],"5":[0]}}
,"/home/rodrigo/calvs-drivent/src/schemas/index.ts": {"path":"/home/rodrigo/calvs-drivent/src/schemas/index.ts","statementMap":{"0":{"start":{"line":1,"column":0},"end":{"line":1,"column":32}},"1":{"start":{"line":2,"column":0},"end":{"line":2,"column":41}},"2":{"start":{"line":3,"column":0},"end":{"line":3,"column":38}},"3":{"start":{"line":4,"column":0},"end":{"line":4,"column":34}},"4":{"start":{"line":5,"column":0},"end":{"line":5,"column":35}},"5":{"start":{"line":6,"column":0},"end":{"line":6,"column":34}}},"fnMap":{},"branchMap":{},"s":{"0":14,"1":14,"2":14,"3":14,"4":14,"5":14},"f":{},"b":{}}
,"/home/rodrigo/calvs-drivent/src/schemas/payments-schemas.ts": {"path":"/home/rodrigo/calvs-drivent/src/schemas/payments-schemas.ts","statementMap":{"0":{"start":{"line":1,"column":0},"end":{"line":1,"column":22}},"1":{"start":{"line":4,"column":13},"end":{"line":13,"column":3}}},"fnMap":{},"branchMap":{},"s":{"0":14,"1":14},"f":{},"b":{}}
,"/home/rodrigo/calvs-drivent/src/schemas/tickets-schemas.ts": {"path":"/home/rodrigo/calvs-drivent/src/schemas/tickets-schemas.ts","statementMap":{"0":{"start":{"line":2,"column":0},"end":{"line":2,"column":22}},"1":{"start":{"line":4,"column":13},"end":{"line":6,"column":3}}},"fnMap":{},"branchMap":{},"s":{"0":14,"1":14},"f":{},"b":{}}
,"/home/rodrigo/calvs-drivent/src/schemas/users-schemas.ts": {"path":"/home/rodrigo/calvs-drivent/src/schemas/users-schemas.ts","statementMap":{"0":{"start":{"line":2,"column":0},"end":{"line":2,"column":22}},"1":{"start":{"line":4,"column":13},"end":{"line":7,"column":3}}},"fnMap":{},"branchMap":{},"s":{"0":14,"1":14},"f":{},"b":{}}
,"/home/rodrigo/calvs-drivent/src/services/index.ts": {"path":"/home/rodrigo/calvs-drivent/src/services/index.ts","statementMap":{"0":{"start":{"line":1,"column":0},"end":{"line":1,"column":32}},"1":{"start":{"line":2,"column":0},"end":{"line":2,"column":41}},"2":{"start":{"line":3,"column":0},"end":{"line":3,"column":33}},"3":{"start":{"line":4,"column":0},"end":{"line":4,"column":38}},"4":{"start":{"line":5,"column":0},"end":{"line":5,"column":34}},"5":{"start":{"line":6,"column":0},"end":{"line":6,"column":32}},"6":{"start":{"line":7,"column":0},"end":{"line":7,"column":35}},"7":{"start":{"line":8,"column":0},"end":{"line":8,"column":35}}},"fnMap":{},"branchMap":{},"s":{"0":0,"1":0,"2":0,"3":0,"4":0,"5":0,"6":0,"7":0},"f":{},"b":{}}
,"/home/rodrigo/calvs-drivent/src/services/authentication-service/errors.ts": {"path":"/home/rodrigo/calvs-drivent/src/services/authentication-service/errors.ts","statementMap":{"0":{"start":{"line":4,"column":2},"end":{"line":7,"column":4}},"1":{"start":{"line":3,"column":0},"end":{"line":3,"column":16}}},"fnMap":{"0":{"name":"invalidCredentialsError","decl":{"start":{"line":3,"column":16},"end":{"line":3,"column":39}},"loc":{"start":{"line":3,"column":39},"end":{"line":8,"column":1}}}},"branchMap":{},"s":{"0":6,"1":11},"f":{"0":6},"b":{}}
,"/home/rodrigo/calvs-drivent/src/services/authentication-service/index.ts": {"path":"/home/rodrigo/calvs-drivent/src/services/authentication-service/index.ts","statementMap":{"0":{"start":{"line":1,"column":0},"end":{"line":1,"column":66}},"1":{"start":{"line":2,"column":0},"end":{"line":2,"column":60}},"2":{"start":{"line":3,"column":0},"end":{"line":3,"column":47}},"3":{"start":{"line":5,"column":0},"end":{"line":5,"column":28}},"4":{"start":{"line":6,"column":0},"end":{"line":6,"column":31}},"5":{"start":{"line":7,"column":0},"end":{"line":7,"column":51}},"6":{"start":{"line":10,"column":30},"end":{"line":10,"column":36}},"7":{"start":{"line":12,"column":15},"end":{"line":12,"column":41}},"8":{"start":{"line":14,"column":2},"end":{"line":14,"column":56}},"9":{"start":{"line":16,"column":16},"end":{"line":16,"column":44}},"10":{"start":{"line":18,"column":2},"end":{"line":21,"column":4}},"11":{"start":{"line":25,"column":15},"end":{"line":25,"column":97}},"12":{"start":{"line":26,"column":2},"end":{"line":26,"column":45}},"13":{"start":{"line":26,"column":13},"end":{"line":26,"column":45}},"14":{"start":{"line":28,"column":2},"end":{"line":28,"column":14}},"15":{"start":{"line":32,"column":16},"end":{"line":32,"column":60}},"16":{"start":{"line":33,"column":2},"end":{"line":36,"column":5}},"17":{"start":{"line":38,"column":2},"end":{"line":38,"column":15}},"18":{"start":{"line":42,"column":26},"end":{"line":42,"column":70}},"19":{"start":{"line":43,"column":2},"end":{"line":43,"column":56}},"20":{"start":{"line":43,"column":24},"end":{"line":43,"column":56}},"21":{"start":{"line":55,"column":30},"end":{"line":57,"column":2}},"22":{"start":{"line":59,"column":0},"end":{"line":59,"column":37}},"23":{"start":{"line":60,"column":0},"end":{"line":60,"column":25}}},"fnMap":{"0":{"name":"signIn","decl":{"start":{"line":9,"column":15},"end":{"line":9,"column":21}},"loc":{"start":{"line":9,"column":42},"end":{"line":22,"column":1}}},"1":{"name":"getUserOrFail","decl":{"start":{"line":24,"column":15},"end":{"line":24,"column":28}},"loc":{"start":{"line":24,"column":42},"end":{"line":29,"column":1}}},"2":{"name":"createSession","decl":{"start":{"line":31,"column":15},"end":{"line":31,"column":28}},"loc":{"start":{"line":31,"column":43},"end":{"line":39,"column":1}}},"3":{"name":"validatePasswordOrFail","decl":{"start":{"line":41,"column":15},"end":{"line":41,"column":37}},"loc":{"start":{"line":41,"column":76},"end":{"line":44,"column":1}}}},"branchMap":{"0":{"loc":{"start":{"line":26,"column":2},"end":{"line":26,"column":45}},"type":"if","locations":[{"start":{"line":26,"column":2},"end":{"line":26,"column":45}}]},"1":{"loc":{"start":{"line":43,"column":2},"end":{"line":43,"column":56}},"type":"if","locations":[{"start":{"line":43,"column":2},"end":{"line":43,"column":56}}]}},"s":{"0":11,"1":11,"2":11,"3":11,"4":11,"5":11,"6":9,"7":9,"8":7,"9":5,"10":5,"11":9,"12":9,"13":2,"14":7,"15":5,"16":5,"17":5,"18":7,"19":7,"20":2,"21":11,"22":11,"23":11},"f":{"0":9,"1":9,"2":5,"3":7},"b":{"0":[2],"1":[2]}}
,"/home/rodrigo/calvs-drivent/src/services/bookings-service/index.ts": {"path":"/home/rodrigo/calvs-drivent/src/services/bookings-service/index.ts","statementMap":{"0":{"start":{"line":1,"column":0},"end":{"line":1,"column":59}},"1":{"start":{"line":2,"column":0},"end":{"line":2,"column":66}},"2":{"start":{"line":3,"column":0},"end":{"line":3,"column":60}},"3":{"start":{"line":5,"column":0},"end":{"line":5,"column":45}},"4":{"start":{"line":8,"column":18},"end":{"line":8,"column":69}},"5":{"start":{"line":9,"column":2},"end":{"line":9,"column":55}},"6":{"start":{"line":10,"column":2},"end":{"line":12,"column":null}},"7":{"start":{"line":11,"column":4},"end":{"line":11,"column":26}},"8":{"start":{"line":13,"column":2},"end":{"line":13,"column":17}},"9":{"start":{"line":17,"column":2},"end":{"line":17,"column":55}},"10":{"start":{"line":18,"column":2},"end":{"line":18,"column":26}},"11":{"start":{"line":20,"column":18},"end":{"line":20,"column":71}},"12":{"start":{"line":22,"column":2},"end":{"line":22,"column":17}},"13":{"start":{"line":26,"column":2},"end":{"line":26,"column":55}},"14":{"start":{"line":27,"column":18},"end":{"line":27,"column":68}},"15":{"start":{"line":28,"column":2},"end":{"line":30,"column":null}},"16":{"start":{"line":29,"column":4},"end":{"line":29,"column":61}},"17":{"start":{"line":31,"column":2},"end":{"line":33,"column":null}},"18":{"start":{"line":32,"column":4},"end":{"line":32,"column":59}},"19":{"start":{"line":34,"column":2},"end":{"line":34,"column":26}},"20":{"start":{"line":35,"column":24},"end":{"line":35,"column":80}},"21":{"start":{"line":36,"column":2},"end":{"line":36,"column":23}},"22":{"start":{"line":40,"column":15},"end":{"line":40,"column":56}},"23":{"start":{"line":41,"column":2},"end":{"line":43,"column":null}},"24":{"start":{"line":42,"column":4},"end":{"line":42,"column":26}},"25":{"start":{"line":44,"column":2},"end":{"line":46,"column":null}},"26":{"start":{"line":45,"column":4},"end":{"line":45,"column":45}},"27":{"start":{"line":49,"column":24},"end":{"line":51,"column":2}},"28":{"start":{"line":53,"column":0},"end":{"line":53,"column":31}}},"fnMap":{"0":{"name":"getBooking","decl":{"start":{"line":7,"column":15},"end":{"line":7,"column":25}},"loc":{"start":{"line":7,"column":40},"end":{"line":14,"column":1}}},"1":{"name":"postBooking","decl":{"start":{"line":16,"column":15},"end":{"line":16,"column":26}},"loc":{"start":{"line":16,"column":57},"end":{"line":23,"column":1}}},"2":{"name":"updateBooking","decl":{"start":{"line":25,"column":15},"end":{"line":25,"column":28}},"loc":{"start":{"line":25,"column":78},"end":{"line":37,"column":1}}},"3":{"name":"checkRoom","decl":{"start":{"line":39,"column":15},"end":{"line":39,"column":24}},"loc":{"start":{"line":39,"column":39},"end":{"line":47,"column":1}}}},"branchMap":{"0":{"loc":{"start":{"line":10,"column":2},"end":{"line":12,"column":null}},"type":"if","locations":[{"start":{"line":10,"column":2},"end":{"line":12,"column":null}}]},"1":{"loc":{"start":{"line":28,"column":2},"end":{"line":30,"column":null}},"type":"if","locations":[{"start":{"line":28,"column":2},"end":{"line":30,"column":null}}]},"2":{"loc":{"start":{"line":31,"column":2},"end":{"line":33,"column":null}},"type":"if","locations":[{"start":{"line":31,"column":2},"end":{"line":33,"column":null}}]},"3":{"loc":{"start":{"line":41,"column":2},"end":{"line":43,"column":null}},"type":"if","locations":[{"start":{"line":41,"column":2},"end":{"line":43,"column":null}}]},"4":{"loc":{"start":{"line":44,"column":2},"end":{"line":46,"column":null}},"type":"if","locations":[{"start":{"line":44,"column":2},"end":{"line":46,"column":null}}]}},"s":{"0":11,"1":11,"2":11,"3":11,"4":6,"5":6,"6":2,"7":1,"8":1,"9":7,"10":3,"11":1,"12":1,"13":9,"14":5,"15":5,"16":1,"17":4,"18":1,"19":3,"20":1,"21":1,"22":6,"23":6,"24":2,"25":4,"26":2,"27":11,"28":11},"f":{"0":6,"1":7,"2":9,"3":6},"b":{"0":[1],"1":[1],"2":[1],"3":[2],"4":[2]}}
,"/home/rodrigo/calvs-drivent/src/services/enrollments-service/index.ts": {"path":"/home/rodrigo/calvs-drivent/src/services/enrollments-service/index.ts","statementMap":{"0":{"start":{"line":1,"column":0},"end":{"line":1,"column":42}},"1":{"start":{"line":2,"column":0},"end":{"line":2,"column":41}},"2":{"start":{"line":3,"column":0},"end":{"line":3,"column":91}},"3":{"start":{"line":4,"column":0},"end":{"line":4,"column":100}},"4":{"start":{"line":5,"column":0},"end":{"line":5,"column":47}},"5":{"start":{"line":10,"column":17},"end":{"line":10,"column":75}},"6":{"start":{"line":12,"column":2},"end":{"line":14,"column":null}},"7":{"start":{"line":13,"column":4},"end":{"line":13,"column":26}},"8":{"start":{"line":16,"column":52},"end":{"line":16,"column":63}},"9":{"start":{"line":18,"column":40},"end":{"line":24,"column":4}},"10":{"start":{"line":26,"column":2},"end":{"line":26,"column":23}},"11":{"start":{"line":30,"column":32},"end":{"line":30,"column":90}},"12":{"start":{"line":32,"column":2},"end":{"line":32,"column":52}},"13":{"start":{"line":32,"column":30},"end":{"line":32,"column":52}},"14":{"start":{"line":34,"column":25},"end":{"line":34,"column":54}},"15":{"start":{"line":35,"column":18},"end":{"line":35,"column":47}},"16":{"start":{"line":37,"column":2},"end":{"line":40,"column":4}},"17":{"start":{"line":46,"column":2},"end":{"line":46,"column":33}},"18":{"start":{"line":46,"column":21},"end":{"line":46,"column":33}},"19":{"start":{"line":48,"column":2},"end":{"line":48,"column":73}},"20":{"start":{"line":54,"column":21},"end":{"line":54,"column":47}},"21":{"start":{"line":55,"column":18},"end":{"line":55,"column":53}},"22":{"start":{"line":57,"column":17},"end":{"line":57,"column":83}},"23":{"start":{"line":59,"column":2},"end":{"line":61,"column":null}},"24":{"start":{"line":60,"column":4},"end":{"line":60,"column":26}},"25":{"start":{"line":62,"column":2},"end":{"line":64,"column":null}},"26":{"start":{"line":63,"column":4},"end":{"line":63,"column":26}},"27":{"start":{"line":66,"column":24},"end":{"line":66,"column":115}},"28":{"start":{"line":68,"column":2},"end":{"line":68,"column":69}},"29":{"start":{"line":72,"column":2},"end":{"line":75,"column":4}},"30":{"start":{"line":82,"column":27},"end":{"line":86,"column":2}},"31":{"start":{"line":88,"column":0},"end":{"line":88,"column":34}}},"fnMap":{"0":{"name":"getAddressFromCEP","decl":{"start":{"line":9,"column":15},"end":{"line":9,"column":32}},"loc":{"start":{"line":9,"column":44},"end":{"line":27,"column":1}}},"1":{"name":"getOneWithAddressByUserId","decl":{"start":{"line":29,"column":15},"end":{"line":29,"column":40}},"loc":{"start":{"line":29,"column":55},"end":{"line":41,"column":1}}},"2":{"name":"getFirstAddress","decl":{"start":{"line":45,"column":9},"end":{"line":45,"column":24}},"loc":{"start":{"line":45,"column":46},"end":{"line":49,"column":1}}},"3":{"name":"createOrUpdateEnrollmentWithAddress","decl":{"start":{"line":53,"column":15},"end":{"line":53,"column":50}},"loc":{"start":{"line":53,"column":94},"end":{"line":69,"column":1}}},"4":{"name":"getAddressForUpsert","decl":{"start":{"line":71,"column":9},"end":{"line":71,"column":28}},"loc":{"start":{"line":71,"column":57},"end":{"line":76,"column":1}}}},"branchMap":{"0":{"loc":{"start":{"line":12,"column":2},"end":{"line":14,"column":null}},"type":"if","locations":[{"start":{"line":12,"column":2},"end":{"line":14,"column":null}}]},"1":{"loc":{"start":{"line":32,"column":2},"end":{"line":32,"column":52}},"type":"if","locations":[{"start":{"line":32,"column":2},"end":{"line":32,"column":52}}]},"2":{"loc":{"start":{"line":39,"column":8},"end":{"line":39,"column":32}},"type":"binary-expr","locations":[{"start":{"line":39,"column":8},"end":{"line":39,"column":17}},{"start":{"line":39,"column":21},"end":{"line":39,"column":32}}]},"3":{"loc":{"start":{"line":46,"column":2},"end":{"line":46,"column":33}},"type":"if","locations":[{"start":{"line":46,"column":2},"end":{"line":46,"column":33}}]},"4":{"loc":{"start":{"line":59,"column":2},"end":{"line":61,"column":null}},"type":"if","locations":[{"start":{"line":59,"column":2},"end":{"line":61,"column":null}}]},"5":{"loc":{"start":{"line":62,"column":2},"end":{"line":64,"column":null}},"type":"if","locations":[{"start":{"line":62,"column":2},"end":{"line":64,"column":null}}]},"6":{"loc":{"start":{"line":74,"column":8},"end":{"line":74,"column":74}},"type":"binary-expr","locations":[{"start":{"line":74,"column":8},"end":{"line":74,"column":30}},{"start":{"line":74,"column":34},"end":{"line":74,"column":74}}]}},"s":{"0":11,"1":11,"2":11,"3":11,"4":11,"5":2,"6":2,"7":1,"8":1,"9":1,"10":1,"11":2,"12":2,"13":1,"14":1,"15":1,"16":1,"17":1,"18":0,"19":1,"20":2,"21":2,"22":2,"23":2,"24":0,"25":2,"26":0,"27":2,"28":2,"29":2,"30":11,"31":11},"f":{"0":2,"1":2,"2":1,"3":2,"4":2},"b":{"0":[1],"1":[1],"2":[1,1],"3":[0],"4":[0],"5":[0],"6":[2,2]}}
,"/home/rodrigo/calvs-drivent/src/services/events-service/index.ts": {"path":"/home/rodrigo/calvs-drivent/src/services/events-service/index.ts","statementMap":{"0":{"start":{"line":1,"column":0},"end":{"line":1,"column":41}},"1":{"start":{"line":2,"column":0},"end":{"line":2,"column":62}},"2":{"start":{"line":3,"column":0},"end":{"line":3,"column":47}},"3":{"start":{"line":5,"column":0},"end":{"line":5,"column":26}},"4":{"start":{"line":8,"column":16},"end":{"line":8,"column":49}},"5":{"start":{"line":9,"column":2},"end":{"line":9,"column":36}},"6":{"start":{"line":9,"column":14},"end":{"line":9,"column":36}},"7":{"start":{"line":11,"column":2},"end":{"line":11,"column":50}},"8":{"start":{"line":17,"column":16},"end":{"line":17,"column":49}},"9":{"start":{"line":18,"column":2},"end":{"line":18,"column":27}},"10":{"start":{"line":18,"column":14},"end":{"line":18,"column":27}},"11":{"start":{"line":20,"column":14},"end":{"line":20,"column":21}},"12":{"start":{"line":21,"column":24},"end":{"line":21,"column":45}},"13":{"start":{"line":22,"column":22},"end":{"line":22,"column":41}},"14":{"start":{"line":24,"column":2},"end":{"line":24,"column":65}},"15":{"start":{"line":27,"column":22},"end":{"line":30,"column":2}},"16":{"start":{"line":32,"column":0},"end":{"line":32,"column":29}}},"fnMap":{"0":{"name":"getFirstEvent","decl":{"start":{"line":7,"column":15},"end":{"line":7,"column":28}},"loc":{"start":{"line":7,"column":28},"end":{"line":12,"column":1}}},"1":{"name":"isCurrentEventActive","decl":{"start":{"line":16,"column":15},"end":{"line":16,"column":35}},"loc":{"start":{"line":16,"column":35},"end":{"line":25,"column":1}}}},"branchMap":{"0":{"loc":{"start":{"line":9,"column":2},"end":{"line":9,"column":36}},"type":"if","locations":[{"start":{"line":9,"column":2},"end":{"line":9,"column":36}}]},"1":{"loc":{"start":{"line":18,"column":2},"end":{"line":18,"column":27}},"type":"if","locations":[{"start":{"line":18,"column":2},"end":{"line":18,"column":27}}]},"2":{"loc":{"start":{"line":24,"column":9},"end":{"line":24,"column":64}},"type":"binary-expr","locations":[{"start":{"line":24,"column":9},"end":{"line":24,"column":35}},{"start":{"line":24,"column":39},"end":{"line":24,"column":64}}]}},"s":{"0":11,"1":11,"2":11,"3":11,"4":2,"5":2,"6":1,"7":1,"8":9,"9":9,"10":1,"11":8,"12":8,"13":8,"14":8,"15":11,"16":11},"f":{"0":2,"1":9},"b":{"0":[1],"1":[1],"2":[8,7]}}
,"/home/rodrigo/calvs-drivent/src/services/hotel-service/index.ts": {"path":"/home/rodrigo/calvs-drivent/src/services/hotel-service/index.ts","statementMap":{"0":{"start":{"line":1,"column":0},"end":{"line":1,"column":99}},"1":{"start":{"line":2,"column":0},"end":{"line":2,"column":62}},"2":{"start":{"line":3,"column":0},"end":{"line":3,"column":79}},"3":{"start":{"line":4,"column":0},"end":{"line":4,"column":60}},"4":{"start":{"line":5,"column":0},"end":{"line":5,"column":72}},"5":{"start":{"line":6,"column":0},"end":{"line":6,"column":65}},"6":{"start":{"line":9,"column":2},"end":{"line":9,"column":41}},"7":{"start":{"line":10,"column":17},"end":{"line":10,"column":54}},"8":{"start":{"line":11,"column":2},"end":{"line":11,"column":16}},"9":{"start":{"line":15,"column":2},"end":{"line":15,"column":41}},"10":{"start":{"line":16,"column":2},"end":{"line":18,"column":null}},"11":{"start":{"line":17,"column":4},"end":{"line":17,"column":37}},"12":{"start":{"line":19,"column":16},"end":{"line":19,"column":60}},"13":{"start":{"line":21,"column":2},"end":{"line":23,"column":null}},"14":{"start":{"line":22,"column":4},"end":{"line":22,"column":53}},"15":{"start":{"line":24,"column":16},"end":{"line":24,"column":83}},"16":{"start":{"line":25,"column":2},"end":{"line":27,"column":null}},"17":{"start":{"line":26,"column":4},"end":{"line":26,"column":26}},"18":{"start":{"line":28,"column":2},"end":{"line":28,"column":15}},"19":{"start":{"line":32,"column":21},"end":{"line":32,"column":82}},"20":{"start":{"line":33,"column":2},"end":{"line":35,"column":null}},"21":{"start":{"line":34,"column":4},"end":{"line":34,"column":60}},"22":{"start":{"line":36,"column":2},"end":{"line":36,"column":20}},"23":{"start":{"line":40,"column":17},"end":{"line":40,"column":79}},"24":{"start":{"line":41,"column":2},"end":{"line":43,"column":null}},"25":{"start":{"line":42,"column":4},"end":{"line":42,"column":56}},"26":{"start":{"line":44,"column":2},"end":{"line":46,"column":null}},"27":{"start":{"line":45,"column":4},"end":{"line":45,"column":25}},"28":{"start":{"line":47,"column":2},"end":{"line":49,"column":null}},"29":{"start":{"line":48,"column":4},"end":{"line":48,"column":80}},"30":{"start":{"line":50,"column":2},"end":{"line":50,"column":16}},"31":{"start":{"line":54,"column":21},"end":{"line":54,"column":58}},"32":{"start":{"line":55,"column":2},"end":{"line":55,"column":49}},"33":{"start":{"line":58,"column":22},"end":{"line":60,"column":2}},"34":{"start":{"line":62,"column":0},"end":{"line":62,"column":29}}},"fnMap":{"0":{"name":"getHotels","decl":{"start":{"line":8,"column":15},"end":{"line":8,"column":24}},"loc":{"start":{"line":8,"column":39},"end":{"line":12,"column":1}}},"1":{"name":"getHotelRoomsByHotelIdWithNoBookings","decl":{"start":{"line":14,"column":15},"end":{"line":14,"column":51}},"loc":{"start":{"line":14,"column":83},"end":{"line":29,"column":1}}},"2":{"name":"checkEnrollmentByUserId","decl":{"start":{"line":31,"column":15},"end":{"line":31,"column":38}},"loc":{"start":{"line":31,"column":53},"end":{"line":37,"column":1}}},"3":{"name":"checkTicketByEnrollmentId","decl":{"start":{"line":39,"column":15},"end":{"line":39,"column":40}},"loc":{"start":{"line":39,"column":61},"end":{"line":51,"column":1}}},"4":{"name":"checkCredentialsByUserId","decl":{"start":{"line":53,"column":15},"end":{"line":53,"column":39}},"loc":{"start":{"line":53,"column":54},"end":{"line":56,"column":1}}}},"branchMap":{"0":{"loc":{"start":{"line":16,"column":2},"end":{"line":18,"column":null}},"type":"if","locations":[{"start":{"line":16,"column":2},"end":{"line":18,"column":null}}]},"1":{"loc":{"start":{"line":21,"column":2},"end":{"line":23,"column":null}},"type":"if","locations":[{"start":{"line":21,"column":2},"end":{"line":23,"column":null}}]},"2":{"loc":{"start":{"line":25,"column":2},"end":{"line":27,"column":null}},"type":"if","locations":[{"start":{"line":25,"column":2},"end":{"line":27,"column":null}}]},"3":{"loc":{"start":{"line":33,"column":2},"end":{"line":35,"column":null}},"type":"if","locations":[{"start":{"line":33,"column":2},"end":{"line":35,"column":null}}]},"4":{"loc":{"start":{"line":41,"column":2},"end":{"line":43,"column":null}},"type":"if","locations":[{"start":{"line":41,"column":2},"end":{"line":43,"column":null}}]},"5":{"loc":{"start":{"line":44,"column":2},"end":{"line":46,"column":null}},"type":"if","locations":[{"start":{"line":44,"column":2},"end":{"line":46,"column":null}}]},"6":{"loc":{"start":{"line":47,"column":2},"end":{"line":49,"column":null}},"type":"if","locations":[{"start":{"line":47,"column":2},"end":{"line":49,"column":null}}]},"7":{"loc":{"start":{"line":47,"column":5},"end":{"line":47,"column":67}},"type":"binary-expr","locations":[{"start":{"line":47,"column":5},"end":{"line":47,"column":37}},{"start":{"line":47,"column":41},"end":{"line":47,"column":67}}]}},"s":{"0":11,"1":11,"2":11,"3":11,"4":11,"5":11,"6":7,"7":3,"8":3,"9":8,"10":4,"11":1,"12":3,"13":3,"14":1,"15":2,"16":2,"17":0,"18":2,"19":37,"20":37,"21":5,"22":32,"23":32,"24":32,"25":5,"26":27,"27":6,"28":21,"29":4,"30":17,"31":37,"32":32,"33":11,"34":11},"f":{"0":7,"1":8,"2":37,"3":32,"4":37},"b":{"0":[1],"1":[1],"2":[0],"3":[5],"4":[5],"5":[6],"6":[4],"7":[21,17]}}
,"/home/rodrigo/calvs-drivent/src/services/payments-service/index.ts": {"path":"/home/rodrigo/calvs-drivent/src/services/payments-service/index.ts","statementMap":{"0":{"start":{"line":1,"column":0},"end":{"line":1,"column":59}},"1":{"start":{"line":2,"column":0},"end":{"line":2,"column":72}},"2":{"start":{"line":4,"column":0},"end":{"line":4,"column":85}},"3":{"start":{"line":5,"column":0},"end":{"line":5,"column":99}},"4":{"start":{"line":9,"column":19},"end":{"line":9,"column":41}},"5":{"start":{"line":10,"column":17},"end":{"line":10,"column":46}},"6":{"start":{"line":11,"column":2},"end":{"line":11,"column":55}},"7":{"start":{"line":12,"column":18},"end":{"line":12,"column":73}},"8":{"start":{"line":14,"column":2},"end":{"line":14,"column":17}},"9":{"start":{"line":18,"column":17},"end":{"line":18,"column":58}},"10":{"start":{"line":19,"column":21},"end":{"line":19,"column":84}},"11":{"start":{"line":20,"column":2},"end":{"line":20,"column":55}},"12":{"start":{"line":21,"column":25},"end":{"line":21,"column":73}},"13":{"start":{"line":22,"column":38},"end":{"line":27,"column":4}},"14":{"start":{"line":28,"column":18},"end":{"line":28,"column":69}},"15":{"start":{"line":29,"column":29},"end":{"line":29,"column":46}},"16":{"start":{"line":30,"column":43},"end":{"line":30,"column":61}},"17":{"start":{"line":31,"column":2},"end":{"line":31,"column":73}},"18":{"start":{"line":32,"column":2},"end":{"line":32,"column":17}},"19":{"start":{"line":36,"column":21},"end":{"line":36,"column":82}},"20":{"start":{"line":37,"column":2},"end":{"line":40,"column":null}},"21":{"start":{"line":38,"column":18},"end":{"line":38,"column":44}},"22":{"start":{"line":39,"column":4},"end":{"line":39,"column":34}},"23":{"start":{"line":41,"column":2},"end":{"line":44,"column":null}},"24":{"start":{"line":42,"column":18},"end":{"line":42,"column":59}},"25":{"start":{"line":43,"column":4},"end":{"line":43,"column":34}},"26":{"start":{"line":48,"column":17},"end":{"line":48,"column":65}},"27":{"start":{"line":49,"column":2},"end":{"line":51,"column":null}},"28":{"start":{"line":50,"column":4},"end":{"line":50,"column":26}},"29":{"start":{"line":52,"column":2},"end":{"line":52,"column":16}},"30":{"start":{"line":55,"column":24},"end":{"line":55,"column":69}},"31":{"start":{"line":57,"column":0},"end":{"line":57,"column":31}}},"fnMap":{"0":{"name":"getPaymentByUserIdTicketId","decl":{"start":{"line":8,"column":15},"end":{"line":8,"column":41}},"loc":{"start":{"line":8,"column":80},"end":{"line":15,"column":1}}},"1":{"name":"createPayment","decl":{"start":{"line":17,"column":15},"end":{"line":17,"column":28}},"loc":{"start":{"line":17,"column":69},"end":{"line":33,"column":1}}},"2":{"name":"checkEnrollmentId","decl":{"start":{"line":35,"column":15},"end":{"line":35,"column":32}},"loc":{"start":{"line":35,"column":69},"end":{"line":45,"column":1}}},"3":{"name":"getTicketById","decl":{"start":{"line":47,"column":15},"end":{"line":47,"column":28}},"loc":{"start":{"line":47,"column":45},"end":{"line":53,"column":1}}}},"branchMap":{"0":{"loc":{"start":{"line":37,"column":2},"end":{"line":40,"column":null}},"type":"if","locations":[{"start":{"line":37,"column":2},"end":{"line":40,"column":null}}]},"1":{"loc":{"start":{"line":41,"column":2},"end":{"line":44,"column":null}},"type":"if","locations":[{"start":{"line":41,"column":2},"end":{"line":44,"column":null}}]},"2":{"loc":{"start":{"line":49,"column":2},"end":{"line":51,"column":null}},"type":"if","locations":[{"start":{"line":49,"column":2},"end":{"line":51,"column":null}}]}},"s":{"0":11,"1":11,"2":11,"3":11,"4":3,"5":3,"6":2,"7":1,"8":1,"9":5,"10":4,"11":4,"12":3,"13":3,"14":3,"15":3,"16":3,"17":3,"18":3,"19":6,"20":6,"21":0,"22":0,"23":6,"24":2,"25":2,"26":8,"27":8,"28":2,"29":6,"30":11,"31":11},"f":{"0":3,"1":5,"2":6,"3":8},"b":{"0":[0],"1":[2],"2":[2]}}
,"/home/rodrigo/calvs-drivent/src/services/tickets-service/index.ts": {"path":"/home/rodrigo/calvs-drivent/src/services/tickets-service/index.ts","statementMap":{"0":{"start":{"line":1,"column":0},"end":{"line":1,"column":41}},"1":{"start":{"line":2,"column":0},"end":{"line":2,"column":72}},"2":{"start":{"line":4,"column":0},"end":{"line":4,"column":65}},"3":{"start":{"line":7,"column":23},"end":{"line":7,"column":68}},"4":{"start":{"line":9,"column":2},"end":{"line":9,"column":22}},"5":{"start":{"line":13,"column":21},"end":{"line":13,"column":56}},"6":{"start":{"line":14,"column":17},"end":{"line":14,"column":80}},"7":{"start":{"line":15,"column":2},"end":{"line":17,"column":null}},"8":{"start":{"line":16,"column":4},"end":{"line":16,"column":26}},"9":{"start":{"line":18,"column":2},"end":{"line":18,"column":16}},"10":{"start":{"line":22,"column":2},"end":{"line":22,"column":40}},"11":{"start":{"line":23,"column":23},"end":{"line":23,"column":63}},"12":{"start":{"line":24,"column":17},"end":{"line":24,"column":27}},"13":{"start":{"line":25,"column":2},"end":{"line":25,"column":83}},"14":{"start":{"line":29,"column":21},"end":{"line":29,"column":82}},"15":{"start":{"line":30,"column":2},"end":{"line":32,"column":null}},"16":{"start":{"line":31,"column":4},"end":{"line":31,"column":26}},"17":{"start":{"line":33,"column":2},"end":{"line":33,"column":20}},"18":{"start":{"line":37,"column":21},"end":{"line":37,"column":77}},"19":{"start":{"line":38,"column":2},"end":{"line":40,"column":null}},"20":{"start":{"line":39,"column":4},"end":{"line":39,"column":26}},"21":{"start":{"line":41,"column":2},"end":{"line":41,"column":20}},"22":{"start":{"line":46,"column":23},"end":{"line":46,"column":99}},"23":{"start":{"line":48,"column":0},"end":{"line":48,"column":30}}},"fnMap":{"0":{"name":"getTicketsTypes","decl":{"start":{"line":6,"column":15},"end":{"line":6,"column":30}},"loc":{"start":{"line":6,"column":30},"end":{"line":10,"column":1}}},"1":{"name":"getTicketByEnrollmentId","decl":{"start":{"line":12,"column":15},"end":{"line":12,"column":38}},"loc":{"start":{"line":12,"column":53},"end":{"line":19,"column":1}}},"2":{"name":"postTicketByUserIdTicketTypeId","decl":{"start":{"line":21,"column":15},"end":{"line":21,"column":45}},"loc":{"start":{"line":21,"column":82},"end":{"line":26,"column":1}}},"3":{"name":"getEnrollmentByUserId","decl":{"start":{"line":28,"column":15},"end":{"line":28,"column":36}},"loc":{"start":{"line":28,"column":51},"end":{"line":34,"column":1}}},"4":{"name":"getTicketTypeById","decl":{"start":{"line":36,"column":15},"end":{"line":36,"column":32}},"loc":{"start":{"line":36,"column":53},"end":{"line":42,"column":1}}}},"branchMap":{"0":{"loc":{"start":{"line":15,"column":2},"end":{"line":17,"column":null}},"type":"if","locations":[{"start":{"line":15,"column":2},"end":{"line":17,"column":null}}]},"1":{"loc":{"start":{"line":30,"column":2},"end":{"line":32,"column":null}},"type":"if","locations":[{"start":{"line":30,"column":2},"end":{"line":32,"column":null}}]},"2":{"loc":{"start":{"line":38,"column":2},"end":{"line":40,"column":null}},"type":"if","locations":[{"start":{"line":38,"column":2},"end":{"line":40,"column":null}}]}},"s":{"0":11,"1":11,"2":11,"3":2,"4":2,"5":3,"6":2,"7":2,"8":1,"9":1,"10":3,"11":3,"12":2,"13":2,"14":6,"15":6,"16":2,"17":4,"18":3,"19":3,"20":0,"21":3,"22":11,"23":11},"f":{"0":2,"1":3,"2":3,"3":6,"4":3},"b":{"0":[1],"1":[2],"2":[0]}}
,"/home/rodrigo/calvs-drivent/src/services/users-service/errors.ts": {"path":"/home/rodrigo/calvs-drivent/src/services/users-service/errors.ts","statementMap":{"0":{"start":{"line":4,"column":2},"end":{"line":7,"column":4}},"1":{"start":{"line":3,"column":0},"end":{"line":3,"column":16}}},"fnMap":{"0":{"name":"duplicatedEmailError","decl":{"start":{"line":3,"column":16},"end":{"line":3,"column":36}},"loc":{"start":{"line":3,"column":36},"end":{"line":8,"column":1}}}},"branchMap":{},"s":{"0":4,"1":11},"f":{"0":4},"b":{}}
,"/home/rodrigo/calvs-drivent/src/services/users-service/index.ts": {"path":"/home/rodrigo/calvs-drivent/src/services/users-service/index.ts","statementMap":{"0":{"start":{"line":1,"column":0},"end":{"line":1,"column":60}},"1":{"start":{"line":2,"column":0},"end":{"line":2,"column":60}},"2":{"start":{"line":4,"column":0},"end":{"line":4,"column":28}},"3":{"start":{"line":5,"column":0},"end":{"line":5,"column":46}},"4":{"start":{"line":6,"column":0},"end":{"line":6,"column":48}},"5":{"start":{"line":9,"column":2},"end":{"line":9,"column":26}},"6":{"start":{"line":11,"column":2},"end":{"line":11,"column":41}},"7":{"start":{"line":13,"column":25},"end":{"line":13,"column":56}},"8":{"start":{"line":14,"column":2},"end":{"line":17,"column":5}},"9":{"start":{"line":8,"column":0},"end":{"line":8,"column":7}},"10":{"start":{"line":21,"column":28},"end":{"line":21,"column":67}},"11":{"start":{"line":22,"column":2},"end":{"line":24,"column":null}},"12":{"start":{"line":23,"column":4},"end":{"line":23,"column":33}},"13":{"start":{"line":28,"column":20},"end":{"line":28,"column":62}},"14":{"start":{"line":29,"column":2},"end":{"line":31,"column":null}},"15":{"start":{"line":30,"column":4},"end":{"line":30,"column":45}},"16":{"start":{"line":36,"column":20},"end":{"line":38,"column":2}},"17":{"start":{"line":40,"column":0},"end":{"line":40,"column":25}},"18":{"start":{"line":41,"column":0},"end":{"line":41,"column":27}}},"fnMap":{"0":{"name":"createUser","decl":{"start":{"line":8,"column":22},"end":{"line":8,"column":32}},"loc":{"start":{"line":8,"column":70},"end":{"line":18,"column":1}}},"1":{"name":"validateUniqueEmailOrFail","decl":{"start":{"line":20,"column":15},"end":{"line":20,"column":40}},"loc":{"start":{"line":20,"column":54},"end":{"line":25,"column":1}}},"2":{"name":"canEnrollOrFail","decl":{"start":{"line":27,"column":15},"end":{"line":27,"column":30}},"loc":{"start":{"line":27,"column":30},"end":{"line":32,"column":1}}}},"branchMap":{"0":{"loc":{"start":{"line":22,"column":2},"end":{"line":24,"column":null}},"type":"if","locations":[{"start":{"line":22,"column":2},"end":{"line":24,"column":null}}]},"1":{"loc":{"start":{"line":29,"column":2},"end":{"line":31,"column":null}},"type":"if","locations":[{"start":{"line":29,"column":2},"end":{"line":31,"column":null}}]}},"s":{"0":11,"1":11,"2":11,"3":11,"4":11,"5":9,"6":7,"7":5,"8":5,"9":11,"10":7,"11":7,"12":2,"13":9,"14":9,"15":2,"16":11,"17":11,"18":11},"f":{"0":9,"1":7,"2":9},"b":{"0":[2],"1":[2]}}
,"/home/rodrigo/calvs-drivent/src/utils/cep-service.ts": {"path":"/home/rodrigo/calvs-drivent/src/utils/cep-service.ts","statementMap":{"0":{"start":{"line":2,"column":0},"end":{"line":2,"column":36}},"1":{"start":{"line":5,"column":17},"end":{"line":5,"column":75}},"2":{"start":{"line":6,"column":2},"end":{"line":6,"column":21}},"3":{"start":{"line":10,"column":2},"end":{"line":10,"column":12}}},"fnMap":{"0":{"name":"getAddress","decl":{"start":{"line":4,"column":15},"end":{"line":4,"column":25}},"loc":{"start":{"line":4,"column":37},"end":{"line":7,"column":1}}}},"branchMap":{},"s":{"0":0,"1":0,"2":0,"3":0},"f":{"0":0},"b":{}}
,"/home/rodrigo/calvs-drivent/src/utils/prisma-utils.ts": {"path":"/home/rodrigo/calvs-drivent/src/utils/prisma-utils.ts","statementMap":{"0":{"start":{"line":2,"column":20},"end":{"line":2,"column":54}},"1":{"start":{"line":3,"column":2},"end":{"line":5,"column":null}},"2":{"start":{"line":4,"column":4},"end":{"line":4,"column":26}},"3":{"start":{"line":6,"column":2},"end":{"line":6,"column":19}},"4":{"start":{"line":1,"column":0},"end":{"line":1,"column":16}}},"fnMap":{"0":{"name":"exclude","decl":{"start":{"line":1,"column":16},"end":{"line":1,"column":23}},"loc":{"start":{"line":1,"column":73},"end":{"line":7,"column":1}}}},"branchMap":{},"s":{"0":12,"1":12,"2":18,"3":12,"4":11},"f":{"0":12},"b":{}}
,"/home/rodrigo/calvs-drivent/src/utils/request.ts": {"path":"/home/rodrigo/calvs-drivent/src/utils/request.ts","statementMap":{"0":{"start":{"line":1,"column":0},"end":{"line":1,"column":26}},"1":{"start":{"line":2,"column":0},"end":{"line":2,"column":40}},"2":{"start":{"line":5,"column":2},"end":{"line":15,"column":null}},"3":{"start":{"line":6,"column":19},"end":{"line":6,"column":39}},"4":{"start":{"line":7,"column":4},"end":{"line":7,"column":18}},"5":{"start":{"line":12,"column":8},"end":{"line":12,"column":22}},"6":{"start":{"line":14,"column":4},"end":{"line":14,"column":44}},"7":{"start":{"line":18,"column":13},"end":{"line":20,"column":2}}},"fnMap":{"0":{"name":"get","decl":{"start":{"line":4,"column":15},"end":{"line":4,"column":18}},"loc":{"start":{"line":4,"column":30},"end":{"line":16,"column":1}}}},"branchMap":{},"s":{"0":11,"1":11,"2":4,"3":4,"4":3,"5":1,"6":1,"7":11},"f":{"0":4},"b":{}}
}
