TN:
SF:src/app.ts
FN:25,(anonymous_1)
FN:35,init
FN:40,close
FNF:3
FNH:2
FNDA:1,(anonymous_1)
FNDA:10,init
FNDA:0,close
DA:1,10
DA:2,10
DA:3,10
DA:4,10
DA:6,10
DA:8,10
DA:10,10
DA:11,10
DA:21,10
DA:22,10
DA:25,1
DA:35,10
DA:36,10
DA:37,10
DA:40,10
DA:41,0
DA:44,10
LF:17
LH:16
BRF:0
BRH:0
end_of_record
TN:
SF:src/server.ts
FN:5,(anonymous_6)
FN:6,(anonymous_7)
FNF:2
FNH:0
FNDA:0,(anonymous_6)
FNDA:0,(anonymous_7)
DA:1,0
DA:3,0
DA:5,0
DA:6,0
DA:8,0
LF:5
LH:0
BRDA:3,0,0,0
BRDA:3,0,1,0
BRF:2
BRH:0
end_of_record
TN:
SF:src/config/database.ts
FN:4,connectDb
FN:8,disconnectDB
FNF:2
FNH:1
FNDA:10,connectDb
FNDA:0,disconnectDB
DA:1,13
DA:4,13
DA:5,10
DA:8,13
DA:9,0
LF:5
LH:4
BRF:0
BRH:0
end_of_record
TN:
SF:src/config/envs.ts
FN:4,loadEnv
FNF:1
FNH:1
FNDA:23,loadEnv
DA:1,13
DA:2,13
DA:4,13
DA:6,23
DA:12,23
DA:13,23
LF:6
LH:6
BRDA:6,0,0,23
BRDA:6,0,1,0
BRDA:8,1,0,0
BRDA:8,1,1,0
BRF:4
BRH:1
end_of_record
TN:
SF:src/config/index.ts
FNF:0
FNH:0
DA:1,13
DA:2,13
LF:2
LH:2
BRF:0
BRH:0
end_of_record
TN:
SF:src/controllers/authentication-controller.ts
FN:4,singInPost
FNF:1
FNH:1
FNDA:5,singInPost
DA:1,10
DA:3,10
DA:4,10
DA:5,5
DA:7,5
DA:8,5
DA:10,3
DA:12,2
LF:8
LH:8
BRF:0
BRH:0
end_of_record
TN:
SF:src/controllers/enrollments-controller.ts
FN:6,getEnrollmentByUser
FN:18,postCreateOrUpdateEnrollment
FN:31,getAddressFromCEP
FNF:3
FNH:3
FNDA:2,getEnrollmentByUser
FNDA:2,postCreateOrUpdateEnrollment
FNDA:2,getAddressFromCEP
DA:2,10
DA:4,10
DA:6,10
DA:7,2
DA:9,2
DA:10,2
DA:12,1
DA:14,1
DA:18,10
DA:19,2
DA:20,2
DA:25,2
DA:27,0
DA:31,10
DA:32,2
DA:34,2
DA:35,2
DA:36,1
DA:38,1
DA:39,1
DA:41,0
LF:21
LH:19
BRDA:38,0,0,1
BRF:1
BRH:1
end_of_record
TN:
SF:src/controllers/events-controller.ts
FN:5,getDefaultEvent
FNF:1
FNH:1
FNDA:2,getDefaultEvent
DA:1,10
DA:3,10
DA:5,10
DA:6,2
DA:7,2
DA:8,1
DA:10,1
LF:7
LH:7
BRF:0
BRH:0
end_of_record
TN:
SF:src/controllers/hotels-controller.ts
FN:6,getHotels
FN:22,getHotelRoomsByHotelIdWithNoBookings
FNF:2
FNH:2
FNDA:7,getHotels
FNDA:8,getHotelRoomsByHotelIdWithNoBookings
DA:2,10
DA:4,10
DA:6,10
DA:7,7
DA:8,7
DA:9,7
DA:10,3
DA:12,4
DA:13,1
DA:15,3
DA:16,3
DA:18,0
DA:22,10
DA:23,8
DA:24,8
DA:25,8
DA:26,8
DA:27,2
DA:29,6
DA:30,1
DA:32,5
DA:33,1
DA:35,4
DA:36,4
DA:38,0
DA:39,0
DA:41,0
LF:27
LH:23
BRDA:12,0,0,1
BRDA:15,1,0,3
BRDA:29,2,0,1
BRDA:32,3,0,1
BRDA:35,4,0,4
BRDA:38,5,0,0
BRF:6
BRH:5
end_of_record
TN:
SF:src/controllers/index.ts
FNF:0
FNH:0
DA:1,10
DA:2,10
DA:3,10
DA:4,10
DA:5,10
DA:6,10
DA:7,10
LF:7
LH:7
BRF:0
BRH:0
end_of_record
TN:
SF:src/controllers/payments-controllers.ts
FN:7,getPayments
FN:28,postPayment
FNF:2
FNH:2
FNDA:4,getPayments
FNDA:5,postPayment
DA:3,10
DA:5,10
DA:7,10
DA:8,4
DA:9,4
DA:10,4
DA:11,4
DA:12,1
DA:14,3
DA:16,1
DA:18,2
DA:19,1
DA:21,1
DA:22,1
DA:24,0
DA:28,10
DA:29,5
DA:30,5
DA:31,5
DA:33,5
DA:35,3
DA:37,2
DA:38,1
DA:40,1
DA:41,1
DA:43,0
LF:26
LH:24
BRDA:11,0,0,1
BRDA:18,1,0,1
BRDA:21,2,0,1
BRDA:37,3,0,1
BRDA:40,4,0,1
BRF:5
BRH:5
end_of_record
TN:
SF:src/controllers/tickets-controllers.ts
FN:6,getTicketsTypes
FN:16,getTicketsByUser
FN:30,postTicket
FNF:3
FNH:3
FNDA:2,getTicketsTypes
FNDA:3,getTicketsByUser
FNDA:3,postTicket
DA:2,10
DA:4,10
DA:6,10
DA:7,2
DA:8,2
DA:10,2
DA:12,0
DA:16,10
DA:17,3
DA:18,3
DA:19,3
DA:21,1
DA:23,2
DA:24,2
DA:26,0
DA:30,10
DA:31,3
DA:32,3
DA:33,3
DA:34,3
DA:35,2
DA:37,1
DA:38,1
DA:40,0
LF:24
LH:21
BRDA:23,0,0,2
BRDA:37,1,0,1
BRF:2
BRH:2
end_of_record
TN:
SF:src/controllers/users-controller.ts
FN:5,usersPost
FNF:1
FNH:1
FNDA:6,usersPost
DA:1,10
DA:3,10
DA:5,10
DA:6,6
DA:8,6
DA:9,6
DA:10,3
DA:15,3
DA:16,1
DA:18,2
LF:10
LH:10
BRDA:15,0,0,1
BRF:1
BRH:1
end_of_record
TN:
SF:src/errors/cannot-enroll-before-start-date-error.ts
FN:3,cannotEnrollBeforeStartDateError
FNF:1
FNH:1
FNDA:2,cannotEnrollBeforeStartDateError
DA:3,10
DA:4,2
LF:2
LH:2
BRF:0
BRH:0
end_of_record
TN:
SF:src/errors/conflict-error.ts
FN:3,conflictError
FNF:1
FNH:0
FNDA:0,conflictError
DA:3,10
DA:4,0
LF:2
LH:1
BRF:0
BRH:0
end_of_record
TN:
SF:src/errors/index.ts
FNF:0
FNH:0
DA:1,10
DA:2,10
DA:3,10
DA:4,10
DA:5,10
DA:6,10
DA:7,10
DA:8,10
DA:9,10
LF:9
LH:9
BRF:0
BRH:0
end_of_record
TN:
SF:src/errors/invalid-data-error.ts
FN:3,invalidDataError
FNF:1
FNH:1
FNDA:19,invalidDataError
DA:3,10
DA:4,19
LF:2
LH:2
BRF:0
BRH:0
end_of_record
TN:
SF:src/errors/invalid-email-error.ts
FN:3,invalidEmailError
FNF:1
FNH:0
FNDA:0,invalidEmailError
DA:3,10
DA:4,0
LF:2
LH:1
BRF:0
BRH:0
end_of_record
TN:
SF:src/errors/not-found-error.ts
FN:3,notFoundError
FNF:1
FNH:1
FNDA:8,notFoundError
DA:3,10
DA:4,8
LF:2
LH:2
BRF:0
BRH:0
end_of_record
TN:
SF:src/errors/payment-error.ts
FN:3,paymentError
FNF:1
FNH:1
FNDA:2,paymentError
DA:3,10
DA:4,2
LF:2
LH:2
BRF:0
BRH:0
end_of_record
TN:
SF:src/errors/request-error.ts
FN:3,requestError
FNF:1
FNH:1
FNDA:1,requestError
DA:3,10
DA:4,1
LF:2
LH:2
BRF:0
BRH:0
end_of_record
TN:
SF:src/errors/unauthorized-error.ts
FN:3,unauthorizedError
FNF:1
FNH:1
FNDA:27,unauthorizedError
DA:3,10
DA:4,27
LF:2
LH:2
BRF:0
BRH:0
end_of_record
TN:
SF:src/errors/unprocessable-error.ts
FN:3,unprocessableEntityError
FNF:1
FNH:1
FNDA:1,unprocessableEntityError
DA:3,10
DA:4,1
LF:2
LH:2
BRF:0
BRH:0
end_of_record
TN:
SF:src/middlewares/authentication-middleware.ts
FN:8,authenticateToken
FN:33,generateUnauthorizedResponse
FNF:2
FNH:2
FNDA:69,authenticateToken
FNDA:27,generateUnauthorizedResponse
DA:2,10
DA:3,10
DA:5,10
DA:6,10
DA:8,10
DA:9,69
DA:10,69
DA:12,60
DA:13,60
DA:15,60
DA:16,60
DA:18,51
DA:23,51
DA:25,42
DA:27,42
DA:29,9
DA:34,27
LF:17
LH:17
BRDA:10,0,0,9
BRDA:13,1,0,0
BRDA:23,2,0,9
BRF:3
BRH:2
end_of_record
TN:
SF:src/middlewares/error-handling-middleware.ts
FN:5,handleApplicationErrors
FNF:1
FNH:0
FNDA:0,handleApplicationErrors
DA:3,10
DA:5,10
DA:6,0
DA:7,0
DA:12,0
DA:13,0
DA:18,0
DA:19,0
DA:24,0
DA:25,0
DA:30,0
DA:31,0
DA:38,0
LF:13
LH:2
BRDA:6,0,0,0
BRDA:12,1,0,0
BRDA:12,2,0,0
BRDA:12,2,1,0
BRDA:18,3,0,0
BRDA:24,4,0,0
BRDA:30,5,0,0
BRF:7
BRH:0
end_of_record
TN:
SF:src/middlewares/index.ts
FNF:0
FNH:0
DA:1,10
DA:2,10
DA:3,10
LF:3
LH:3
BRF:0
BRH:0
end_of_record
TN:
SF:src/middlewares/validation-middleware.ts
FN:6,validateBody
FN:10,validateParams
FN:14,validate
FN:15,(anonymous_4)
FN:23,(anonymous_5)
FNF:5
FNH:4
FNDA:50,validateBody
FNDA:0,validateParams
FNDA:50,validate
FNDA:31,(anonymous_4)
FNDA:27,(anonymous_5)
DA:1,10
DA:3,10
DA:6,10
DA:7,50
DA:10,10
DA:11,0
DA:15,50
DA:16,31
DA:20,31
DA:21,21
DA:23,27
LF:11
LH:10
BRDA:20,0,0,21
BRDA:20,0,1,10
BRF:2
BRH:2
end_of_record
TN:
SF:src/repositories/address-repository/index.ts
FN:4,upsert
FNF:1
FNH:1
FNDA:2,upsert
DA:1,10
DA:5,2
DA:20,10
DA:24,10
LF:4
LH:4
BRF:0
BRH:0
end_of_record
TN:
SF:src/repositories/enrollment-repository/index.ts
FN:4,findWithAddressByUserId
FN:13,findWithoutAddressByUserId
FN:19,upsert
FNF:3
FNH:3
FNDA:2,findWithAddressByUserId
FNDA:27,findWithoutAddressByUserId
FNDA:2,upsert
DA:1,10
DA:5,2
DA:14,27
DA:24,2
DA:36,10
DA:42,10
LF:6
LH:6
BRF:0
BRH:0
end_of_record
TN:
SF:src/repositories/event-repository/index.ts
FN:3,findFirst
FNF:1
FNH:1
FNDA:11,findFirst
DA:1,10
DA:4,11
DA:7,10
DA:11,10
LF:4
LH:4
BRF:0
BRH:0
end_of_record
TN:
SF:src/repositories/hotel-repository/index.ts
FN:3,findAllHotels
FN:7,findHotelById
FNF:2
FNH:2
FNDA:3,findAllHotels
FNDA:3,findHotelById
DA:1,10
DA:4,3
DA:8,3
DA:13,10
DA:15,10
LF:5
LH:5
BRF:0
BRH:0
end_of_record
TN:
SF:src/repositories/payment-repository/index.ts
FN:4,findPaymentByTicketId
FN:10,createPayment
FNF:2
FNH:2
FNDA:1,findPaymentByTicketId
FNDA:3,createPayment
DA:1,10
DA:5,1
DA:11,3
DA:18,10
DA:20,10
LF:5
LH:5
BRF:0
BRH:0
end_of_record
TN:
SF:src/repositories/room-repository/index.ts
FN:3,findHotelRoomsByHotelIdWithNoBookings
FNF:1
FNH:1
FNDA:2,findHotelRoomsByHotelIdWithNoBookings
DA:1,10
DA:4,2
DA:13,10
DA:15,10
LF:4
LH:4
BRF:0
BRH:0
end_of_record
TN:
SF:src/repositories/session-repository/index.ts
FN:4,create
FNF:1
FNH:1
FNDA:5,create
DA:1,10
DA:5,5
DA:10,10
DA:14,10
LF:4
LH:4
BRF:0
BRH:0
end_of_record
TN:
SF:src/repositories/ticket-repository/index.ts
FN:4,findManyTicketsInfo
FN:8,findTicketByEnrollmentId
FN:15,findTicketTypeById
FN:21,createNewTicket
FN:28,findTicketById
FN:34,updateStatusByTicketId
FNF:6
FNH:6
FNDA:2,findManyTicketsInfo
FNDA:15,findTicketByEnrollmentId
FNDA:7,findTicketTypeById
FNDA:2,createNewTicket
FNDA:8,findTicketById
FNDA:3,updateStatusByTicketId
DA:1,10
DA:5,2
DA:9,15
DA:16,7
DA:22,2
DA:29,8
DA:35,3
DA:45,10
DA:48,10
LF:9
LH:9
BRF:0
BRH:0
end_of_record
TN:
SF:src/repositories/user-repository/index.ts
FN:4,findByEmail
FN:18,create
FNF:2
FNH:2
FNDA:16,findByEmail
FNDA:5,create
DA:1,10
DA:5,16
DA:11,16
DA:12,9
DA:15,16
DA:19,5
DA:24,10
DA:29,10
LF:8
LH:8
BRDA:11,0,0,9
BRF:1
BRH:1
end_of_record
TN:
SF:src/routers/authentication-router.ts
FNF:0
FNH:0
DA:1,10
DA:2,10
DA:3,10
DA:4,10
DA:6,10
DA:8,10
DA:10,10
LF:7
LH:7
BRF:0
BRH:0
end_of_record
TN:
SF:src/routers/enrollments-router.ts
FNF:0
FNH:0
DA:1,10
DA:2,10
DA:3,10
DA:4,10
DA:6,10
DA:8,10
DA:14,10
LF:7
LH:7
BRF:0
BRH:0
end_of_record
TN:
SF:src/routers/events-router.ts
FNF:0
FNH:0
DA:1,10
DA:2,10
DA:4,10
DA:6,10
DA:8,10
LF:5
LH:5
BRF:0
BRH:0
end_of_record
TN:
SF:src/routers/hotels-router.ts
FNF:0
FNH:0
DA:1,10
DA:2,10
DA:3,10
DA:5,10
DA:7,10
DA:12,10
LF:6
LH:6
BRF:0
BRH:0
end_of_record
TN:
SF:src/routers/index.ts
FNF:0
FNH:0
DA:1,10
DA:2,10
DA:3,10
DA:4,10
DA:5,10
DA:6,10
DA:7,10
LF:7
LH:7
BRF:0
BRH:0
end_of_record
TN:
SF:src/routers/payments-router.ts
FNF:0
FNH:0
DA:1,10
DA:2,10
DA:3,10
DA:4,10
DA:6,10
DA:8,10
DA:13,10
LF:7
LH:7
BRF:0
BRH:0
end_of_record
TN:
SF:src/routers/tickets-router.ts
FNF:0
FNH:0
DA:1,10
DA:2,10
DA:3,10
DA:4,10
DA:6,10
DA:8,10
DA:14,10
LF:7
LH:7
BRF:0
BRH:0
end_of_record
TN:
SF:src/routers/users-router.ts
FNF:0
FNH:0
DA:1,10
DA:3,10
DA:4,10
DA:5,10
DA:7,10
DA:9,10
DA:11,10
LF:7
LH:7
BRF:0
BRH:0
end_of_record
TN:
SF:src/schemas/authentication-schemas.ts
FNF:0
FNH:0
DA:2,13
DA:4,13
LF:2
LH:2
BRF:0
BRH:0
end_of_record
TN:
SF:src/schemas/enrollments-schemas.ts
FN:23,(anonymous_1)
FN:30,joiCpfValidation
FN:40,JoiCepValidation
FN:50,joiMobilePhoneValidation
FNF:4
FNH:4
FNDA:351,(anonymous_1)
FNDA:29,joiCpfValidation
FNDA:19,JoiCepValidation
FNDA:23,joiMobilePhoneValidation
DA:2,13
DA:3,13
DA:5,13
DA:7,13
DA:9,13
DA:11,13
DA:23,351
DA:31,29
DA:33,29
DA:34,1
DA:37,28
DA:41,19
DA:43,19
DA:44,1
DA:47,18
DA:51,23
DA:53,23
DA:54,0
DA:57,23
LF:19
LH:18
BRDA:31,0,0,0
BRDA:33,1,0,1
BRDA:41,2,0,0
BRDA:43,3,0,1
BRDA:51,4,0,0
BRDA:53,5,0,0
BRF:6
BRH:2
end_of_record
TN:
SF:src/schemas/index.ts
FNF:0
FNH:0
DA:1,13
DA:2,13
DA:3,13
DA:4,13
DA:5,13
LF:5
LH:5
BRF:0
BRH:0
end_of_record
TN:
SF:src/schemas/payments-schemas.ts
FNF:0
FNH:0
DA:1,13
DA:4,13
LF:2
LH:2
BRF:0
BRH:0
end_of_record
TN:
SF:src/schemas/tickets-schemas.ts
FNF:0
FNH:0
DA:2,13
DA:4,13
LF:2
LH:2
BRF:0
BRH:0
end_of_record
TN:
SF:src/schemas/users-schemas.ts
FNF:0
FNH:0
DA:2,13
DA:4,13
LF:2
LH:2
BRF:0
BRH:0
end_of_record
TN:
SF:src/services/index.ts
FNF:0
FNH:0
DA:1,0
DA:2,0
DA:3,0
DA:4,0
DA:5,0
DA:6,0
DA:7,0
LF:7
LH:0
BRF:0
BRH:0
end_of_record
TN:
SF:src/services/authentication-service/errors.ts
FN:3,invalidCredentialsError
FNF:1
FNH:1
FNDA:6,invalidCredentialsError
DA:3,10
DA:4,6
LF:2
LH:2
BRF:0
BRH:0
end_of_record
TN:
SF:src/services/authentication-service/index.ts
FN:9,signIn
FN:24,getUserOrFail
FN:31,createSession
FN:41,validatePasswordOrFail
FNF:4
FNH:4
FNDA:9,signIn
FNDA:9,getUserOrFail
FNDA:5,createSession
FNDA:7,validatePasswordOrFail
DA:1,10
DA:2,10
DA:3,10
DA:5,10
DA:6,10
DA:7,10
DA:10,9
DA:12,9
DA:14,7
DA:16,5
DA:18,5
DA:25,9
DA:26,9
DA:28,7
DA:32,5
DA:33,5
DA:38,5
DA:42,7
DA:43,7
DA:55,10
DA:59,10
DA:60,10
LF:22
LH:22
BRDA:26,0,0,2
BRDA:43,1,0,2
BRF:2
BRH:2
end_of_record
TN:
SF:src/services/enrollments-service/index.ts
FN:9,getAddressFromCEP
FN:29,getOneWithAddressByUserId
FN:45,getFirstAddress
FN:53,createOrUpdateEnrollmentWithAddress
FN:71,getAddressForUpsert
FNF:5
FNH:5
FNDA:2,getAddressFromCEP
FNDA:2,getOneWithAddressByUserId
FNDA:1,getFirstAddress
FNDA:2,createOrUpdateEnrollmentWithAddress
FNDA:2,getAddressForUpsert
DA:1,10
DA:2,10
DA:3,10
DA:4,10
DA:5,10
DA:10,2
DA:12,2
DA:13,1
DA:16,1
DA:18,1
DA:26,1
DA:30,2
DA:32,2
DA:34,1
DA:35,1
DA:37,1
DA:46,1
DA:48,1
DA:54,2
DA:55,2
DA:57,2
DA:59,2
DA:60,0
DA:62,2
DA:63,0
DA:66,2
DA:68,2
DA:72,2
DA:82,10
DA:88,10
LF:30
LH:28
BRDA:12,0,0,1
BRDA:32,1,0,1
BRDA:39,2,0,1
BRDA:39,2,1,1
BRDA:46,3,0,0
BRDA:59,4,0,0
BRDA:62,5,0,0
BRDA:74,6,0,2
BRDA:74,6,1,2
BRF:9
BRH:6
end_of_record
TN:
SF:src/services/events-service/index.ts
FN:7,getFirstEvent
FN:16,isCurrentEventActive
FNF:2
FNH:2
FNDA:2,getFirstEvent
FNDA:9,isCurrentEventActive
DA:1,10
DA:2,10
DA:3,10
DA:5,10
DA:8,2
DA:9,2
DA:11,1
DA:17,9
DA:18,9
DA:20,8
DA:21,8
DA:22,8
DA:24,8
DA:27,10
DA:32,10
LF:15
LH:15
BRDA:9,0,0,1
BRDA:18,1,0,1
BRDA:24,2,0,8
BRDA:24,2,1,7
BRF:4
BRH:4
end_of_record
TN:
SF:src/services/hotel-service/index.ts
FN:8,getHotels
FN:14,getHotelRoomsByHotelIdWithNoBookings
FN:31,checkEnrollmentByUserId
FN:39,checkTicketByEnrollmentId
FN:53,checkCredentialsByUserId
FNF:5
FNH:5
FNDA:7,getHotels
FNDA:8,getHotelRoomsByHotelIdWithNoBookings
FNDA:15,checkEnrollmentByUserId
FNDA:13,checkTicketByEnrollmentId
FNDA:15,checkCredentialsByUserId
DA:1,10
DA:2,10
DA:3,10
DA:4,10
DA:5,10
DA:6,10
DA:9,7
DA:10,3
DA:11,3
DA:15,8
DA:16,4
DA:17,1
DA:19,3
DA:21,3
DA:22,1
DA:24,2
DA:25,2
DA:26,0
DA:28,2
DA:32,15
DA:33,15
DA:34,2
DA:36,13
DA:40,13
DA:41,13
DA:42,2
DA:44,11
DA:45,2
DA:47,9
DA:48,2
DA:50,7
DA:54,15
DA:55,13
DA:58,10
DA:62,10
LF:35
LH:34
BRDA:16,0,0,1
BRDA:21,1,0,1
BRDA:25,2,0,0
BRDA:33,3,0,2
BRDA:41,4,0,2
BRDA:44,5,0,2
BRDA:47,6,0,2
BRDA:47,7,0,9
BRDA:47,7,1,7
BRF:9
BRH:8
end_of_record
TN:
SF:src/services/payments-service/index.ts
FN:8,getPaymentByUserIdTicketId
FN:17,createPayment
FN:35,checkEnrollmentId
FN:47,getTicketById
FNF:4
FNH:4
FNDA:3,getPaymentByUserIdTicketId
FNDA:5,createPayment
FNDA:6,checkEnrollmentId
FNDA:8,getTicketById
DA:1,10
DA:2,10
DA:4,10
DA:5,10
DA:9,3
DA:10,3
DA:11,2
DA:12,1
DA:14,1
DA:18,5
DA:19,4
DA:20,4
DA:21,3
DA:22,3
DA:28,3
DA:29,3
DA:30,3
DA:31,3
DA:32,3
DA:36,6
DA:37,6
DA:38,0
DA:39,0
DA:41,6
DA:42,2
DA:43,2
DA:48,8
DA:49,8
DA:50,2
DA:52,6
DA:55,10
DA:57,10
LF:32
LH:30
BRDA:37,0,0,0
BRDA:41,1,0,2
BRDA:49,2,0,2
BRF:3
BRH:2
end_of_record
TN:
SF:src/services/tickets-service/index.ts
FN:6,getTicketsTypes
FN:12,getTicketByEnrollmentId
FN:21,postTicketByUserIdTicketTypeId
FN:28,getEnrollmentByUserId
FN:36,getTicketTypeById
FNF:5
FNH:5
FNDA:2,getTicketsTypes
FNDA:3,getTicketByEnrollmentId
FNDA:3,postTicketByUserIdTicketTypeId
FNDA:6,getEnrollmentByUserId
FNDA:3,getTicketTypeById
DA:1,10
DA:2,10
DA:4,10
DA:7,2
DA:9,2
DA:13,3
DA:14,2
DA:15,2
DA:16,1
DA:18,1
DA:22,3
DA:23,3
DA:24,2
DA:25,2
DA:29,6
DA:30,6
DA:31,2
DA:33,4
DA:37,3
DA:38,3
DA:39,0
DA:41,3
DA:46,10
DA:48,10
LF:24
LH:23
BRDA:15,0,0,1
BRDA:30,1,0,2
BRDA:38,2,0,0
BRF:3
BRH:2
end_of_record
TN:
SF:src/services/users-service/errors.ts
FN:3,duplicatedEmailError
FNF:1
FNH:1
FNDA:4,duplicatedEmailError
DA:3,10
DA:4,4
LF:2
LH:2
BRF:0
BRH:0
end_of_record
TN:
SF:src/services/users-service/index.ts
FN:8,createUser
FN:20,validateUniqueEmailOrFail
FN:27,canEnrollOrFail
FNF:3
FNH:3
FNDA:9,createUser
FNDA:7,validateUniqueEmailOrFail
FNDA:9,canEnrollOrFail
DA:1,10
DA:2,10
DA:4,10
DA:5,10
DA:6,10
DA:8,10
DA:9,9
DA:11,7
DA:13,5
DA:14,5
DA:21,7
DA:22,7
DA:23,2
DA:28,9
DA:29,9
DA:30,2
DA:36,10
DA:40,10
DA:41,10
LF:19
LH:19
BRDA:22,0,0,2
BRDA:29,1,0,2
BRF:2
BRH:2
end_of_record
TN:
SF:src/utils/cep-service.ts
FN:4,getAddress
FNF:1
FNH:0
FNDA:0,getAddress
DA:2,0
DA:5,0
DA:6,0
DA:10,0
LF:4
LH:0
BRF:0
BRH:0
end_of_record
TN:
SF:src/utils/prisma-utils.ts
FN:1,exclude
FNF:1
FNH:1
FNDA:12,exclude
DA:1,10
DA:2,12
DA:3,12
DA:4,18
DA:6,12
LF:5
LH:5
BRF:0
BRH:0
end_of_record
TN:
SF:src/utils/request.ts
FN:4,get
FNF:1
FNH:1
FNDA:4,get
DA:1,10
DA:2,10
DA:5,4
DA:6,4
DA:7,3
DA:12,1
DA:14,1
DA:18,10
LF:8
LH:8
BRF:0
BRH:0
end_of_record
